{"C:\\Users\\carlo\\OneDrive\\Documents\\Proyectos\\GesGov\\frontend\\src\\App.jsx": {"path":"C:\\Users\\carlo\\OneDrive\\Documents\\Proyectos\\GesGov\\frontend\\src\\App.jsx","statementMap":{"0":{"start":{"line":15,"column":18},"end":{"line":20,"column":null}},"1":{"start":{"line":26,"column":15},"end":{"line":26,"column":null}},"2":{"start":{"line":27,"column":20},"end":{"line":27,"column":null}},"3":{"start":{"line":28,"column":27},"end":{"line":28,"column":null}},"4":{"start":{"line":32,"column":47},"end":{"line":33,"column":null}},"5":{"start":{"line":35,"column":15},"end":{"line":35,"column":null}},"6":{"start":{"line":37,"column":2},"end":{"line":80,"column":null}},"7":{"start":{"line":43,"column":24},"end":{"line":43,"column":null}},"8":{"start":{"line":43,"column":44},"end":{"line":43,"column":46}},"9":{"start":{"line":51,"column":43},"end":{"line":51,"column":63}},"10":{"start":{"line":66,"column":67},"end":{"line":66,"column":90}},"11":{"start":{"line":75,"column":25},"end":{"line":75,"column":null}},"12":{"start":{"line":86,"column":10},"end":{"line":86,"column":null}},"13":{"start":{"line":88,"column":2},"end":{"line":90,"column":null}},"14":{"start":{"line":89,"column":4},"end":{"line":89,"column":null}},"15":{"start":{"line":93,"column":2},"end":{"line":95,"column":null}},"16":{"start":{"line":94,"column":4},"end":{"line":94,"column":null}},"17":{"start":{"line":98,"column":2},"end":{"line":98,"column":null}}},"fnMap":{"0":{"name":"AuthenticatedApp","decl":{"start":{"line":25,"column":9},"end":{"line":25,"column":28}},"loc":{"start":{"line":25,"column":28},"end":{"line":82,"column":null}},"line":25},"1":{"name":"(anonymous_1)","decl":{"start":{"line":43,"column":8},"end":{"line":43,"column":24}},"loc":{"start":{"line":43,"column":24},"end":{"line":43,"column":null}},"line":43},"2":{"name":"(anonymous_2)","decl":{"start":{"line":43,"column":24},"end":{"line":43,"column":38}},"loc":{"start":{"line":43,"column":44},"end":{"line":43,"column":46}},"line":43},"3":{"name":"(anonymous_3)","decl":{"start":{"line":51,"column":26},"end":{"line":51,"column":43}},"loc":{"start":{"line":51,"column":43},"end":{"line":51,"column":63}},"line":51},"4":{"name":"(anonymous_4)","decl":{"start":{"line":66,"column":50},"end":{"line":66,"column":67}},"loc":{"start":{"line":66,"column":67},"end":{"line":66,"column":90}},"line":66},"5":{"name":"(anonymous_5)","decl":{"start":{"line":75,"column":10},"end":{"line":75,"column":25}},"loc":{"start":{"line":75,"column":25},"end":{"line":75,"column":null}},"line":75},"6":{"name":"App","decl":{"start":{"line":85,"column":24},"end":{"line":85,"column":30}},"loc":{"start":{"line":85,"column":30},"end":{"line":99,"column":null}},"line":85},"7":{"name":"(anonymous_7)","decl":{"start":{"line":88,"column":2},"end":{"line":88,"column":18}},"loc":{"start":{"line":88,"column":18},"end":{"line":90,"column":5}},"line":88}},"branchMap":{"0":{"loc":{"start":{"line":35,"column":15},"end":{"line":35,"column":null}},"type":"binary-expr","locations":[{"start":{"line":35,"column":15},"end":{"line":35,"column":34}},{"start":{"line":35,"column":34},"end":{"line":35,"column":null}}],"line":35},"1":{"loc":{"start":{"line":51,"column":17},"end":{"line":51,"column":null}},"type":"cond-expr","locations":[{"start":{"line":51,"column":26},"end":{"line":51,"column":63}},{"start":{"line":51,"column":63},"end":{"line":51,"column":null}}],"line":51},"2":{"loc":{"start":{"line":56,"column":11},"end":{"line":57,"column":null}},"type":"binary-expr","locations":[{"start":{"line":56,"column":11},"end":{"line":56,"column":null}},{"start":{"line":57,"column":12},"end":{"line":57,"column":null}}],"line":56},"3":{"loc":{"start":{"line":59,"column":11},"end":{"line":63,"column":null}},"type":"binary-expr","locations":[{"start":{"line":59,"column":11},"end":{"line":59,"column":null}},{"start":{"line":60,"column":12},"end":{"line":63,"column":null}}],"line":59},"4":{"loc":{"start":{"line":65,"column":11},"end":{"line":66,"column":null}},"type":"binary-expr","locations":[{"start":{"line":65,"column":11},"end":{"line":65,"column":null}},{"start":{"line":66,"column":12},"end":{"line":66,"column":null}}],"line":65},"5":{"loc":{"start":{"line":68,"column":11},"end":{"line":68,"column":null}},"type":"binary-expr","locations":[{"start":{"line":68,"column":11},"end":{"line":68,"column":34}},{"start":{"line":68,"column":34},"end":{"line":68,"column":null}}],"line":68},"6":{"loc":{"start":{"line":72,"column":7},"end":{"line":78,"column":null}},"type":"binary-expr","locations":[{"start":{"line":72,"column":7},"end":{"line":72,"column":null}},{"start":{"line":73,"column":8},"end":{"line":78,"column":null}}],"line":72},"7":{"loc":{"start":{"line":93,"column":2},"end":{"line":95,"column":null}},"type":"if","locations":[{"start":{"line":93,"column":2},"end":{"line":95,"column":null}},{"start":{},"end":{}}],"line":93}},"s":{"0":1,"1":32,"2":32,"3":32,"4":32,"5":32,"6":32,"7":1,"8":1,"9":0,"10":0,"11":0,"12":11,"13":11,"14":11,"15":11,"16":2,"17":9},"f":{"0":32,"1":1,"2":1,"3":0,"4":0,"5":0,"6":11,"7":11},"b":{"0":[32,0],"1":[0,2],"2":[32,28],"3":[32,1],"4":[32,2],"5":[32,1],"6":[32,0],"7":[2,9]},"meta":{"lastBranch":8,"lastFunction":8,"lastStatement":18,"seen":{"s:15:18:20:Infinity":0,"f:25:9:25:28":0,"s:26:15:26:Infinity":1,"s:27:20:27:Infinity":2,"s:28:27:28:Infinity":3,"s:32:47:33:Infinity":4,"s:35:15:35:Infinity":5,"b:35:15:35:34:35:34:35:Infinity":0,"s:37:2:80:Infinity":6,"f:43:8:43:24":1,"s:43:24:43:Infinity":7,"f:43:24:43:38":2,"s:43:44:43:46":8,"b:51:26:51:63:51:63:51:Infinity":1,"f:51:26:51:43":3,"s:51:43:51:63":9,"b:56:11:56:Infinity:57:12:57:Infinity":2,"b:59:11:59:Infinity:60:12:63:Infinity":3,"b:65:11:65:Infinity:66:12:66:Infinity":4,"f:66:50:66:67":4,"s:66:67:66:90":10,"b:68:11:68:34:68:34:68:Infinity":5,"b:72:7:72:Infinity:73:8:78:Infinity":6,"f:75:10:75:25":5,"s:75:25:75:Infinity":11,"f:85:24:85:30":6,"s:86:10:86:Infinity":12,"s:88:2:90:Infinity":13,"f:88:2:88:18":7,"s:89:4:89:Infinity":14,"b:93:2:95:Infinity:undefined:undefined:undefined:undefined":7,"s:93:2:95:Infinity":15,"s:94:4:94:Infinity":16,"s:98:2:98:Infinity":17}}}
,"C:\\Users\\carlo\\OneDrive\\Documents\\Proyectos\\GesGov\\frontend\\src\\api\\auth.api.js": {"path":"C:\\Users\\carlo\\OneDrive\\Documents\\Proyectos\\GesGov\\frontend\\src\\api\\auth.api.js","statementMap":{"0":{"start":{"line":3,"column":23},"end":{"line":18,"column":1}},"1":{"start":{"line":5,"column":21},"end":{"line":5,"column":71}},"2":{"start":{"line":6,"column":4},"end":{"line":6,"column":16}},"3":{"start":{"line":10,"column":21},"end":{"line":10,"column":62}},"4":{"start":{"line":11,"column":4},"end":{"line":11,"column":16}},"5":{"start":{"line":15,"column":21},"end":{"line":15,"column":46}},"6":{"start":{"line":16,"column":4},"end":{"line":16,"column":16}}},"fnMap":{"0":{"name":"(anonymous_0)","decl":{"start":{"line":4,"column":9},"end":{"line":4,"column":14}},"loc":{"start":{"line":4,"column":36},"end":{"line":7,"column":3}},"line":4},"1":{"name":"(anonymous_1)","decl":{"start":{"line":9,"column":12},"end":{"line":9,"column":17}},"loc":{"start":{"line":9,"column":31},"end":{"line":12,"column":3}},"line":9},"2":{"name":"(anonymous_2)","decl":{"start":{"line":14,"column":9},"end":{"line":14,"column":14}},"loc":{"start":{"line":14,"column":21},"end":{"line":17,"column":3}},"line":14}},"branchMap":{},"s":{"0":6,"1":2,"2":1,"3":2,"4":1,"5":2,"6":1},"f":{"0":2,"1":2,"2":2},"b":{},"meta":{"lastBranch":0,"lastFunction":3,"lastStatement":7,"seen":{"s:3:23:18:1":0,"f:4:9:4:14":0,"s:5:21:5:71":1,"s:6:4:6:16":2,"f:9:12:9:17":1,"s:10:21:10:62":3,"s:11:4:11:16":4,"f:14:9:14:14":2,"s:15:21:15:46":5,"s:16:4:16:16":6}}}
,"C:\\Users\\carlo\\OneDrive\\Documents\\Proyectos\\GesGov\\frontend\\src\\api\\axios.config.js": {"path":"C:\\Users\\carlo\\OneDrive\\Documents\\Proyectos\\GesGov\\frontend\\src\\api\\axios.config.js","statementMap":{"0":{"start":{"line":3,"column":12},"end":{"line":6,"column":2}},"1":{"start":{"line":9,"column":0},"end":{"line":15,"column":3}},"2":{"start":{"line":10,"column":16},"end":{"line":10,"column":52}},"3":{"start":{"line":11,"column":2},"end":{"line":13,"column":3}},"4":{"start":{"line":12,"column":4},"end":{"line":12,"column":53}},"5":{"start":{"line":14,"column":2},"end":{"line":14,"column":16}},"6":{"start":{"line":18,"column":0},"end":{"line":34,"column":2}},"7":{"start":{"line":19,"column":16},"end":{"line":19,"column":24}},"8":{"start":{"line":21,"column":24},"end":{"line":21,"column":46}},"9":{"start":{"line":22,"column":24},"end":{"line":22,"column":66}},"10":{"start":{"line":25,"column":4},"end":{"line":30,"column":5}},"11":{"start":{"line":26,"column":6},"end":{"line":26,"column":46}},"12":{"start":{"line":27,"column":6},"end":{"line":27,"column":38}},"13":{"start":{"line":29,"column":6},"end":{"line":29,"column":53}},"14":{"start":{"line":32,"column":4},"end":{"line":32,"column":33}}},"fnMap":{"0":{"name":"(anonymous_0)","decl":{"start":{"line":9,"column":29},"end":{"line":9,"column":30}},"loc":{"start":{"line":9,"column":41},"end":{"line":15,"column":1}},"line":9},"1":{"name":"(anonymous_1)","decl":{"start":{"line":19,"column":2},"end":{"line":19,"column":3}},"loc":{"start":{"line":19,"column":16},"end":{"line":19,"column":24}},"line":19},"2":{"name":"(anonymous_2)","decl":{"start":{"line":20,"column":2},"end":{"line":20,"column":3}},"loc":{"start":{"line":20,"column":13},"end":{"line":33,"column":3}},"line":20}},"branchMap":{"0":{"loc":{"start":{"line":4,"column":11},"end":{"line":4,"column":73}},"type":"binary-expr","locations":[{"start":{"line":4,"column":11},"end":{"line":4,"column":39}},{"start":{"line":4,"column":43},"end":{"line":4,"column":73}}],"line":4},"1":{"loc":{"start":{"line":11,"column":2},"end":{"line":13,"column":3}},"type":"if","locations":[{"start":{"line":11,"column":2},"end":{"line":13,"column":3}},{"start":{},"end":{}}],"line":11},"2":{"loc":{"start":{"line":25,"column":4},"end":{"line":30,"column":5}},"type":"if","locations":[{"start":{"line":25,"column":4},"end":{"line":30,"column":5}},{"start":{},"end":{}}],"line":25},"3":{"loc":{"start":{"line":25,"column":8},"end":{"line":25,"column":38}},"type":"binary-expr","locations":[{"start":{"line":25,"column":8},"end":{"line":25,"column":22}},{"start":{"line":25,"column":26},"end":{"line":25,"column":38}}],"line":25}},"s":{"0":6,"1":6,"2":0,"3":0,"4":0,"5":0,"6":6,"7":0,"8":0,"9":0,"10":0,"11":0,"12":0,"13":0,"14":0},"f":{"0":0,"1":0,"2":0},"b":{"0":[6,0],"1":[0,0],"2":[0,0],"3":[0,0]},"meta":{"lastBranch":4,"lastFunction":3,"lastStatement":15,"seen":{"s:3:12:6:2":0,"b:4:11:4:39:4:43:4:73":0,"s:9:0:15:3":1,"f:9:29:9:30":0,"s:10:16:10:52":2,"b:11:2:13:3:undefined:undefined:undefined:undefined":1,"s:11:2:13:3":3,"s:12:4:12:53":4,"s:14:2:14:16":5,"s:18:0:34:2":6,"f:19:2:19:3":1,"s:19:16:19:24":7,"f:20:2:20:3":2,"s:21:24:21:46":8,"s:22:24:22:66":9,"b:25:4:30:5:undefined:undefined:undefined:undefined":2,"s:25:4:30:5":10,"b:25:8:25:22:25:26:25:38":3,"s:26:6:26:46":11,"s:27:6:27:38":12,"s:29:6:29:53":13,"s:32:4:32:33":14}}}
,"C:\\Users\\carlo\\OneDrive\\Documents\\Proyectos\\GesGov\\frontend\\src\\api\\documents.api.js": {"path":"C:\\Users\\carlo\\OneDrive\\Documents\\Proyectos\\GesGov\\frontend\\src\\api\\documents.api.js","statementMap":{"0":{"start":{"line":3,"column":28},"end":{"line":82,"column":1}},"1":{"start":{"line":8,"column":21},"end":{"line":8,"column":48}},"2":{"start":{"line":9,"column":4},"end":{"line":9,"column":16}},"3":{"start":{"line":16,"column":21},"end":{"line":16,"column":54}},"4":{"start":{"line":17,"column":4},"end":{"line":17,"column":16}},"5":{"start":{"line":24,"column":21},"end":{"line":24,"column":54}},"6":{"start":{"line":25,"column":4},"end":{"line":25,"column":16}},"7":{"start":{"line":32,"column":21},"end":{"line":32,"column":35}},"8":{"start":{"line":34,"column":4},"end":{"line":34,"column":42}},"9":{"start":{"line":35,"column":4},"end":{"line":35,"column":44}},"10":{"start":{"line":37,"column":4},"end":{"line":39,"column":5}},"11":{"start":{"line":38,"column":6},"end":{"line":38,"column":58}},"12":{"start":{"line":41,"column":4},"end":{"line":43,"column":5}},"13":{"start":{"line":42,"column":6},"end":{"line":42,"column":68}},"14":{"start":{"line":45,"column":4},"end":{"line":47,"column":5}},"15":{"start":{"line":46,"column":6},"end":{"line":46,"column":46}},"16":{"start":{"line":49,"column":21},"end":{"line":53,"column":6}},"17":{"start":{"line":55,"column":4},"end":{"line":55,"column":16}},"18":{"start":{"line":62,"column":21},"end":{"line":62,"column":65}},"19":{"start":{"line":63,"column":4},"end":{"line":63,"column":16}},"20":{"start":{"line":70,"column":21},"end":{"line":72,"column":6}},"21":{"start":{"line":73,"column":4},"end":{"line":73,"column":16}},"22":{"start":{"line":80,"column":4},"end":{"line":80,"column":41}}},"fnMap":{"0":{"name":"(anonymous_0)","decl":{"start":{"line":7,"column":10},"end":{"line":7,"column":15}},"loc":{"start":{"line":7,"column":22},"end":{"line":10,"column":3}},"line":7},"1":{"name":"(anonymous_1)","decl":{"start":{"line":15,"column":11},"end":{"line":15,"column":16}},"loc":{"start":{"line":15,"column":25},"end":{"line":18,"column":3}},"line":15},"2":{"name":"(anonymous_2)","decl":{"start":{"line":23,"column":12},"end":{"line":23,"column":17}},"loc":{"start":{"line":23,"column":24},"end":{"line":26,"column":3}},"line":23},"3":{"name":"(anonymous_3)","decl":{"start":{"line":31,"column":10},"end":{"line":31,"column":15}},"loc":{"start":{"line":31,"column":29},"end":{"line":56,"column":3}},"line":31},"4":{"name":"(anonymous_4)","decl":{"start":{"line":61,"column":10},"end":{"line":61,"column":15}},"loc":{"start":{"line":61,"column":33},"end":{"line":64,"column":3}},"line":61},"5":{"name":"(anonymous_5)","decl":{"start":{"line":69,"column":19},"end":{"line":69,"column":24}},"loc":{"start":{"line":69,"column":33},"end":{"line":74,"column":3}},"line":69},"6":{"name":"(anonymous_6)","decl":{"start":{"line":79,"column":10},"end":{"line":79,"column":15}},"loc":{"start":{"line":79,"column":24},"end":{"line":81,"column":3}},"line":79}},"branchMap":{"0":{"loc":{"start":{"line":37,"column":4},"end":{"line":39,"column":5}},"type":"if","locations":[{"start":{"line":37,"column":4},"end":{"line":39,"column":5}},{"start":{},"end":{}}],"line":37},"1":{"loc":{"start":{"line":41,"column":4},"end":{"line":43,"column":5}},"type":"if","locations":[{"start":{"line":41,"column":4},"end":{"line":43,"column":5}},{"start":{},"end":{}}],"line":41},"2":{"loc":{"start":{"line":45,"column":4},"end":{"line":47,"column":5}},"type":"if","locations":[{"start":{"line":45,"column":4},"end":{"line":47,"column":5}},{"start":{},"end":{}}],"line":45}},"s":{"0":3,"1":2,"2":1,"3":2,"4":1,"5":1,"6":1,"7":3,"8":3,"9":3,"10":3,"11":1,"12":3,"13":1,"14":3,"15":1,"16":3,"17":2,"18":2,"19":1,"20":1,"21":1,"22":2},"f":{"0":2,"1":2,"2":1,"3":3,"4":2,"5":1,"6":2},"b":{"0":[1,2],"1":[1,2],"2":[1,2]},"meta":{"lastBranch":3,"lastFunction":7,"lastStatement":23,"seen":{"s:3:28:82:1":0,"f:7:10:7:15":0,"s:8:21:8:48":1,"s:9:4:9:16":2,"f:15:11:15:16":1,"s:16:21:16:54":3,"s:17:4:17:16":4,"f:23:12:23:17":2,"s:24:21:24:54":5,"s:25:4:25:16":6,"f:31:10:31:15":3,"s:32:21:32:35":7,"s:34:4:34:42":8,"s:35:4:35:44":9,"b:37:4:39:5:undefined:undefined:undefined:undefined":0,"s:37:4:39:5":10,"s:38:6:38:58":11,"b:41:4:43:5:undefined:undefined:undefined:undefined":1,"s:41:4:43:5":12,"s:42:6:42:68":13,"b:45:4:47:5:undefined:undefined:undefined:undefined":2,"s:45:4:47:5":14,"s:46:6:46:46":15,"s:49:21:53:6":16,"s:55:4:55:16":17,"f:61:10:61:15":4,"s:62:21:62:65":18,"s:63:4:63:16":19,"f:69:19:69:24":5,"s:70:21:72:6":20,"s:73:4:73:16":21,"f:79:10:79:15":6,"s:80:4:80:41":22}}}
,"C:\\Users\\carlo\\OneDrive\\Documents\\Proyectos\\GesGov\\frontend\\src\\components\\auth\\LoginPage.jsx": {"path":"C:\\Users\\carlo\\OneDrive\\Documents\\Proyectos\\GesGov\\frontend\\src\\components\\auth\\LoginPage.jsx","statementMap":{"0":{"start":{"line":6,"column":19},"end":{"line":17,"column":null}},"1":{"start":{"line":19,"column":17},"end":{"line":23,"column":null}},"2":{"start":{"line":25,"column":19},"end":{"line":28,"column":null}},"3":{"start":{"line":30,"column":16},"end":{"line":34,"column":null}},"4":{"start":{"line":38,"column":2},"end":{"line":71,"column":null}},"5":{"start":{"line":77,"column":26},"end":{"line":77,"column":null}},"6":{"start":{"line":79,"column":19},"end":{"line":79,"column":null}},"7":{"start":{"line":80,"column":19},"end":{"line":80,"column":null}},"8":{"start":{"line":81,"column":19},"end":{"line":81,"column":null}},"9":{"start":{"line":82,"column":19},"end":{"line":82,"column":null}},"10":{"start":{"line":84,"column":8},"end":{"line":91,"column":null}},"11":{"start":{"line":85,"column":17},"end":{"line":85,"column":null}},"12":{"start":{"line":86,"column":4},"end":{"line":87,"column":null}},"13":{"start":{"line":86,"column":42},"end":{"line":86,"column":null}},"14":{"start":{"line":87,"column":9},"end":{"line":87,"column":null}},"15":{"start":{"line":87,"column":42},"end":{"line":87,"column":null}},"16":{"start":{"line":88,"column":4},"end":{"line":88,"column":null}},"17":{"start":{"line":88,"column":42},"end":{"line":88,"column":null}},"18":{"start":{"line":89,"column":4},"end":{"line":89,"column":null}},"19":{"start":{"line":90,"column":4},"end":{"line":90,"column":null}},"20":{"start":{"line":93,"column":23},"end":{"line":97,"column":null}},"21":{"start":{"line":94,"column":4},"end":{"line":94,"column":null}},"22":{"start":{"line":95,"column":4},"end":{"line":95,"column":null}},"23":{"start":{"line":95,"column":21},"end":{"line":95,"column":null}},"24":{"start":{"line":96,"column":4},"end":{"line":96,"column":null}},"25":{"start":{"line":96,"column":10},"end":{"line":96,"column":47}},"26":{"start":{"line":99,"column":8},"end":{"line":102,"column":null}},"27":{"start":{"line":100,"column":4},"end":{"line":100,"column":null}},"28":{"start":{"line":100,"column":17},"end":{"line":100,"column":null}},"29":{"start":{"line":101,"column":4},"end":{"line":101,"column":null}},"30":{"start":{"line":103,"column":8},"end":{"line":106,"column":null}},"31":{"start":{"line":104,"column":4},"end":{"line":104,"column":null}},"32":{"start":{"line":105,"column":4},"end":{"line":105,"column":null}},"33":{"start":{"line":108,"column":2},"end":{"line":308,"column":null}},"34":{"start":{"line":127,"column":10},"end":{"line":138,"column":null}},"35":{"start":{"line":163,"column":12},"end":{"line":178,"column":null}},"36":{"start":{"line":219,"column":35},"end":{"line":219,"column":61}},"37":{"start":{"line":219,"column":61},"end":{"line":219,"column":104}},"38":{"start":{"line":219,"column":81},"end":{"line":219,"column":101}},"39":{"start":{"line":223,"column":32},"end":{"line":223,"column":null}},"40":{"start":{"line":224,"column":32},"end":{"line":224,"column":null}},"41":{"start":{"line":234,"column":35},"end":{"line":234,"column":64}},"42":{"start":{"line":234,"column":64},"end":{"line":234,"column":110}},"43":{"start":{"line":234,"column":84},"end":{"line":234,"column":107}},"44":{"start":{"line":238,"column":32},"end":{"line":238,"column":null}},"45":{"start":{"line":239,"column":32},"end":{"line":239,"column":null}},"46":{"start":{"line":243,"column":31},"end":{"line":243,"column":null}},"47":{"start":{"line":243,"column":50},"end":{"line":243,"column":52}},"48":{"start":{"line":269,"column":37},"end":{"line":269,"column":107}},"49":{"start":{"line":269,"column":51},"end":{"line":269,"column":107}},"50":{"start":{"line":270,"column":37},"end":{"line":270,"column":134}},"51":{"start":{"line":270,"column":51},"end":{"line":270,"column":134}},"52":{"start":{"line":291,"column":16},"end":{"line":296,"column":null}}},"fnMap":{"0":{"name":"Field","decl":{"start":{"line":37,"column":9},"end":{"line":37,"column":15}},"loc":{"start":{"line":37,"column":62},"end":{"line":73,"column":null}},"line":37},"1":{"name":"LoginPage","decl":{"start":{"line":76,"column":16},"end":{"line":76,"column":28}},"loc":{"start":{"line":76,"column":28},"end":{"line":310,"column":null}},"line":76},"2":{"name":"(anonymous_2)","decl":{"start":{"line":84,"column":8},"end":{"line":84,"column":25}},"loc":{"start":{"line":84,"column":25},"end":{"line":91,"column":null}},"line":84},"3":{"name":"(anonymous_3)","decl":{"start":{"line":93,"column":23},"end":{"line":93,"column":30}},"loc":{"start":{"line":93,"column":36},"end":{"line":97,"column":null}},"line":93},"4":{"name":"(anonymous_4)","decl":{"start":{"line":99,"column":8},"end":{"line":99,"column":19}},"loc":{"start":{"line":99,"column":33},"end":{"line":102,"column":null}},"line":99},"5":{"name":"(anonymous_5)","decl":{"start":{"line":103,"column":8},"end":{"line":103,"column":18}},"loc":{"start":{"line":103,"column":32},"end":{"line":106,"column":null}},"line":103},"6":{"name":"(anonymous_6)","decl":{"start":{"line":126,"column":17},"end":{"line":126,"column":22}},"loc":{"start":{"line":127,"column":10},"end":{"line":138,"column":null}},"line":127},"7":{"name":"(anonymous_7)","decl":{"start":{"line":162,"column":20},"end":{"line":162,"column":25}},"loc":{"start":{"line":163,"column":12},"end":{"line":178,"column":null}},"line":163},"8":{"name":"(anonymous_8)","decl":{"start":{"line":219,"column":16},"end":{"line":219,"column":27}},"loc":{"start":{"line":219,"column":33},"end":{"line":219,"column":null}},"line":219},"9":{"name":"(anonymous_9)","decl":{"start":{"line":219,"column":61},"end":{"line":219,"column":74}},"loc":{"start":{"line":219,"column":81},"end":{"line":219,"column":101}},"line":219},"10":{"name":"(anonymous_10)","decl":{"start":{"line":223,"column":16},"end":{"line":223,"column":26}},"loc":{"start":{"line":223,"column":32},"end":{"line":223,"column":null}},"line":223},"11":{"name":"(anonymous_11)","decl":{"start":{"line":224,"column":16},"end":{"line":224,"column":25}},"loc":{"start":{"line":224,"column":32},"end":{"line":224,"column":null}},"line":224},"12":{"name":"(anonymous_12)","decl":{"start":{"line":234,"column":16},"end":{"line":234,"column":27}},"loc":{"start":{"line":234,"column":33},"end":{"line":234,"column":null}},"line":234},"13":{"name":"(anonymous_13)","decl":{"start":{"line":234,"column":64},"end":{"line":234,"column":77}},"loc":{"start":{"line":234,"column":84},"end":{"line":234,"column":107}},"line":234},"14":{"name":"(anonymous_14)","decl":{"start":{"line":238,"column":16},"end":{"line":238,"column":26}},"loc":{"start":{"line":238,"column":32},"end":{"line":238,"column":null}},"line":238},"15":{"name":"(anonymous_15)","decl":{"start":{"line":239,"column":16},"end":{"line":239,"column":25}},"loc":{"start":{"line":239,"column":32},"end":{"line":239,"column":null}},"line":239},"16":{"name":"(anonymous_16)","decl":{"start":{"line":243,"column":16},"end":{"line":243,"column":31}},"loc":{"start":{"line":243,"column":31},"end":{"line":243,"column":null}},"line":243},"17":{"name":"(anonymous_17)","decl":{"start":{"line":243,"column":31},"end":{"line":243,"column":44}},"loc":{"start":{"line":243,"column":50},"end":{"line":243,"column":52}},"line":243},"18":{"name":"(anonymous_18)","decl":{"start":{"line":269,"column":14},"end":{"line":269,"column":29}},"loc":{"start":{"line":269,"column":35},"end":{"line":269,"column":null}},"line":269},"19":{"name":"(anonymous_19)","decl":{"start":{"line":270,"column":14},"end":{"line":270,"column":29}},"loc":{"start":{"line":270,"column":35},"end":{"line":270,"column":null}},"line":270},"20":{"name":"(anonymous_20)","decl":{"start":{"line":290,"column":26},"end":{"line":290,"column":31}},"loc":{"start":{"line":291,"column":16},"end":{"line":296,"column":null}},"line":291}},"branchMap":{"0":{"loc":{"start":{"line":60,"column":19},"end":{"line":60,"column":null}},"type":"cond-expr","locations":[{"start":{"line":60,"column":27},"end":{"line":60,"column":39}},{"start":{"line":60,"column":39},"end":{"line":60,"column":null}}],"line":60},"1":{"loc":{"start":{"line":66,"column":7},"end":{"line":69,"column":null}},"type":"binary-expr","locations":[{"start":{"line":66,"column":7},"end":{"line":66,"column":null}},{"start":{"line":67,"column":8},"end":{"line":69,"column":null}}],"line":66},"2":{"loc":{"start":{"line":86,"column":4},"end":{"line":87,"column":null}},"type":"if","locations":[{"start":{"line":86,"column":4},"end":{"line":87,"column":null}},{"start":{"line":87,"column":9},"end":{"line":87,"column":null}}],"line":86},"3":{"loc":{"start":{"line":87,"column":9},"end":{"line":87,"column":null}},"type":"if","locations":[{"start":{"line":87,"column":9},"end":{"line":87,"column":null}},{"start":{},"end":{}}],"line":87},"4":{"loc":{"start":{"line":88,"column":4},"end":{"line":88,"column":null}},"type":"if","locations":[{"start":{"line":88,"column":4},"end":{"line":88,"column":null}},{"start":{},"end":{}}],"line":88},"5":{"loc":{"start":{"line":95,"column":4},"end":{"line":95,"column":null}},"type":"if","locations":[{"start":{"line":95,"column":4},"end":{"line":95,"column":null}},{"start":{},"end":{}}],"line":95},"6":{"loc":{"start":{"line":100,"column":4},"end":{"line":100,"column":null}},"type":"if","locations":[{"start":{"line":100,"column":4},"end":{"line":100,"column":null}},{"start":{},"end":{}}],"line":100},"7":{"loc":{"start":{"line":104,"column":33},"end":{"line":104,"column":null}},"type":"cond-expr","locations":[{"start":{"line":104,"column":42},"end":{"line":104,"column":54}},{"start":{"line":104,"column":54},"end":{"line":104,"column":null}}],"line":104},"8":{"loc":{"start":{"line":197,"column":11},"end":{"line":208,"column":null}},"type":"binary-expr","locations":[{"start":{"line":197,"column":11},"end":{"line":197,"column":null}},{"start":{"line":198,"column":12},"end":{"line":208,"column":null}}],"line":197},"9":{"loc":{"start":{"line":222,"column":53},"end":{"line":222,"column":98}},"type":"cond-expr","locations":[{"start":{"line":222,"column":70},"end":{"line":222,"column":82}},{"start":{"line":222,"column":82},"end":{"line":222,"column":98}}],"line":222},"10":{"loc":{"start":{"line":232,"column":22},"end":{"line":232,"column":null}},"type":"cond-expr","locations":[{"start":{"line":232,"column":33},"end":{"line":232,"column":42}},{"start":{"line":232,"column":42},"end":{"line":232,"column":null}}],"line":232},"11":{"loc":{"start":{"line":237,"column":71},"end":{"line":237,"column":119}},"type":"cond-expr","locations":[{"start":{"line":237,"column":91},"end":{"line":237,"column":103}},{"start":{"line":237,"column":103},"end":{"line":237,"column":119}}],"line":237},"12":{"loc":{"start":{"line":250,"column":17},"end":{"line":250,"column":null}},"type":"cond-expr","locations":[{"start":{"line":250,"column":28},"end":{"line":250,"column":52}},{"start":{"line":250,"column":51},"end":{"line":250,"column":null}}],"line":250},"13":{"loc":{"start":{"line":260,"column":28},"end":{"line":260,"column":null}},"type":"cond-expr","locations":[{"start":{"line":260,"column":38},"end":{"line":260,"column":58}},{"start":{"line":260,"column":58},"end":{"line":260,"column":null}}],"line":260},"14":{"loc":{"start":{"line":262,"column":24},"end":{"line":262,"column":null}},"type":"cond-expr","locations":[{"start":{"line":262,"column":34},"end":{"line":262,"column":50}},{"start":{"line":262,"column":50},"end":{"line":262,"column":null}}],"line":262},"15":{"loc":{"start":{"line":266,"column":27},"end":{"line":266,"column":null}},"type":"cond-expr","locations":[{"start":{"line":266,"column":37},"end":{"line":266,"column":46}},{"start":{"line":266,"column":46},"end":{"line":266,"column":null}}],"line":266},"16":{"loc":{"start":{"line":269,"column":37},"end":{"line":269,"column":107}},"type":"if","locations":[{"start":{"line":269,"column":37},"end":{"line":269,"column":107}},{"start":{},"end":{}}],"line":269},"17":{"loc":{"start":{"line":270,"column":37},"end":{"line":270,"column":134}},"type":"if","locations":[{"start":{"line":270,"column":37},"end":{"line":270,"column":134}},{"start":{},"end":{}}],"line":270},"18":{"loc":{"start":{"line":270,"column":86},"end":{"line":270,"column":134}},"type":"cond-expr","locations":[{"start":{"line":270,"column":96},"end":{"line":270,"column":116}},{"start":{"line":270,"column":116},"end":{"line":270,"column":134}}],"line":270},"19":{"loc":{"start":{"line":272,"column":15},"end":{"line":279,"column":null}},"type":"cond-expr","locations":[{"start":{"line":273,"column":16},"end":{"line":279,"column":18}},{"start":{"line":279,"column":16},"end":{"line":279,"column":null}}],"line":272}},"s":{"0":2,"1":2,"2":2,"3":2,"4":326,"5":163,"6":163,"7":163,"8":163,"9":163,"10":163,"11":9,"12":9,"13":3,"14":6,"15":1,"16":9,"17":6,"18":9,"19":9,"20":163,"21":9,"22":9,"23":6,"24":3,"25":3,"26":163,"27":11,"28":9,"29":11,"30":163,"31":9,"32":9,"33":163,"34":489,"35":489,"36":94,"37":94,"38":94,"39":7,"40":6,"41":36,"42":36,"43":36,"44":4,"45":3,"46":1,"47":1,"48":9,"49":9,"50":2,"51":2,"52":326},"f":{"0":326,"1":163,"2":9,"3":9,"4":11,"5":9,"6":489,"7":489,"8":94,"9":94,"10":7,"11":6,"12":36,"13":36,"14":4,"15":3,"16":1,"17":1,"18":9,"19":2,"20":326},"b":{"0":[11,315],"1":[326,11],"2":[3,6],"3":[1,5],"4":[6,3],"5":[6,3],"6":[9,2],"7":[0,9],"8":[163,1],"9":[4,159],"10":[1,162],"11":[7,156],"12":[1,162],"13":[3,160],"14":[3,160],"15":[3,160],"16":[9,0],"17":[2,0],"18":[0,2],"19":[3,160]},"meta":{"lastBranch":20,"lastFunction":21,"lastStatement":53,"seen":{"s:6:19:17:Infinity":0,"s:19:17:23:Infinity":1,"s:25:19:28:Infinity":2,"s:30:16:34:Infinity":3,"f:37:9:37:15":0,"s:38:2:71:Infinity":4,"b:60:27:60:39:60:39:60:Infinity":0,"b:66:7:66:Infinity:67:8:69:Infinity":1,"f:76:16:76:28":1,"s:77:26:77:Infinity":5,"s:79:19:79:Infinity":6,"s:80:19:80:Infinity":7,"s:81:19:81:Infinity":8,"s:82:19:82:Infinity":9,"s:84:8:91:Infinity":10,"f:84:8:84:25":2,"s:85:17:85:Infinity":11,"b:86:4:87:Infinity:87:9:87:Infinity":2,"s:86:4:87:Infinity":12,"s:86:42:86:Infinity":13,"b:87:9:87:Infinity:undefined:undefined:undefined:undefined":3,"s:87:9:87:Infinity":14,"s:87:42:87:Infinity":15,"b:88:4:88:Infinity:undefined:undefined:undefined:undefined":4,"s:88:4:88:Infinity":16,"s:88:42:88:Infinity":17,"s:89:4:89:Infinity":18,"s:90:4:90:Infinity":19,"s:93:23:97:Infinity":20,"f:93:23:93:30":3,"s:94:4:94:Infinity":21,"b:95:4:95:Infinity:undefined:undefined:undefined:undefined":5,"s:95:4:95:Infinity":22,"s:95:21:95:Infinity":23,"s:96:4:96:Infinity":24,"s:96:10:96:47":25,"s:99:8:102:Infinity":26,"f:99:8:99:19":4,"b:100:4:100:Infinity:undefined:undefined:undefined:undefined":6,"s:100:4:100:Infinity":27,"s:100:17:100:Infinity":28,"s:101:4:101:Infinity":29,"s:103:8:106:Infinity":30,"f:103:8:103:18":5,"s:104:4:104:Infinity":31,"b:104:42:104:54:104:54:104:Infinity":7,"s:105:4:105:Infinity":32,"s:108:2:308:Infinity":33,"f:126:17:126:22":6,"s:127:10:138:Infinity":34,"f:162:20:162:25":7,"s:163:12:178:Infinity":35,"b:197:11:197:Infinity:198:12:208:Infinity":8,"f:219:16:219:27":8,"s:219:35:219:61":36,"s:219:61:219:104":37,"f:219:61:219:74":9,"s:219:81:219:101":38,"b:222:70:222:82:222:82:222:98":9,"f:223:16:223:26":10,"s:223:32:223:Infinity":39,"f:224:16:224:25":11,"s:224:32:224:Infinity":40,"b:232:33:232:42:232:42:232:Infinity":10,"f:234:16:234:27":12,"s:234:35:234:64":41,"s:234:64:234:110":42,"f:234:64:234:77":13,"s:234:84:234:107":43,"b:237:91:237:103:237:103:237:119":11,"f:238:16:238:26":14,"s:238:32:238:Infinity":44,"f:239:16:239:25":15,"s:239:32:239:Infinity":45,"f:243:16:243:31":16,"s:243:31:243:Infinity":46,"f:243:31:243:44":17,"s:243:50:243:52":47,"b:250:28:250:52:250:51:250:Infinity":12,"b:260:38:260:58:260:58:260:Infinity":13,"b:262:34:262:50:262:50:262:Infinity":14,"b:266:37:266:46:266:46:266:Infinity":15,"f:269:14:269:29":18,"b:269:37:269:107:undefined:undefined:undefined:undefined":16,"s:269:37:269:107":48,"s:269:51:269:107":49,"f:270:14:270:29":19,"b:270:37:270:134:undefined:undefined:undefined:undefined":17,"s:270:37:270:134":50,"s:270:51:270:134":51,"b:270:96:270:116:270:116:270:134":18,"b:273:16:279:18:279:16:279:Infinity":19,"f:290:26:290:31":20,"s:291:16:296:Infinity":52}}}
,"C:\\Users\\carlo\\OneDrive\\Documents\\Proyectos\\GesGov\\frontend\\src\\components\\common\\Button.jsx": {"path":"C:\\Users\\carlo\\OneDrive\\Documents\\Proyectos\\GesGov\\frontend\\src\\components\\common\\Button.jsx","statementMap":{"0":{"start":{"line":14,"column":15},"end":{"line":28,"column":null}},"1":{"start":{"line":30,"column":16},"end":{"line":34,"column":null}},"2":{"start":{"line":36,"column":19},"end":{"line":72,"column":null}},"3":{"start":{"line":74,"column":2},"end":{"line":83,"column":null}}},"fnMap":{"0":{"name":"Button","decl":{"start":{"line":4,"column":16},"end":{"line":4,"column":23}},"loc":{"start":{"line":13,"column":3},"end":{"line":85,"column":null}},"line":13}},"branchMap":{"0":{"loc":{"start":{"line":6,"column":2},"end":{"line":6,"column":null}},"type":"default-arg","locations":[{"start":{"line":6,"column":12},"end":{"line":6,"column":null}}],"line":6},"1":{"loc":{"start":{"line":7,"column":2},"end":{"line":7,"column":null}},"type":"default-arg","locations":[{"start":{"line":7,"column":9},"end":{"line":7,"column":null}}],"line":7},"2":{"loc":{"start":{"line":10,"column":2},"end":{"line":10,"column":null}},"type":"default-arg","locations":[{"start":{"line":10,"column":10},"end":{"line":10,"column":null}}],"line":10},"3":{"loc":{"start":{"line":12,"column":2},"end":{"line":12,"column":null}},"type":"default-arg","locations":[{"start":{"line":12,"column":9},"end":{"line":12,"column":null}}],"line":12},"4":{"loc":{"start":{"line":20,"column":12},"end":{"line":20,"column":null}},"type":"cond-expr","locations":[{"start":{"line":20,"column":23},"end":{"line":20,"column":39}},{"start":{"line":20,"column":39},"end":{"line":20,"column":null}}],"line":20},"5":{"loc":{"start":{"line":24,"column":13},"end":{"line":24,"column":null}},"type":"cond-expr","locations":[{"start":{"line":24,"column":24},"end":{"line":24,"column":31}},{"start":{"line":24,"column":31},"end":{"line":24,"column":null}}],"line":24},"6":{"loc":{"start":{"line":81,"column":7},"end":{"line":81,"column":null}},"type":"binary-expr","locations":[{"start":{"line":81,"column":7},"end":{"line":81,"column":15}},{"start":{"line":81,"column":15},"end":{"line":81,"column":null}}],"line":81}},"s":{"0":329,"1":329,"2":329,"3":329},"f":{"0":329},"b":{"0":[329],"1":[329],"2":[329],"3":[329],"4":[103,226],"5":[103,226],"6":[329,274]},"meta":{"lastBranch":7,"lastFunction":1,"lastStatement":4,"seen":{"f:4:16:4:23":0,"b:6:12:6:Infinity":0,"b:7:9:7:Infinity":1,"b:10:10:10:Infinity":2,"b:12:9:12:Infinity":3,"s:14:15:28:Infinity":0,"b:20:23:20:39:20:39:20:Infinity":4,"b:24:24:24:31:24:31:24:Infinity":5,"s:30:16:34:Infinity":1,"s:36:19:72:Infinity":2,"s:74:2:83:Infinity":3,"b:81:7:81:15:81:15:81:Infinity":6}}}
,"C:\\Users\\carlo\\OneDrive\\Documents\\Proyectos\\GesGov\\frontend\\src\\components\\common\\Card.jsx": {"path":"C:\\Users\\carlo\\OneDrive\\Documents\\Proyectos\\GesGov\\frontend\\src\\components\\common\\Card.jsx","statementMap":{"0":{"start":{"line":5,"column":2},"end":{"line":20,"column":null}}},"fnMap":{"0":{"name":"Card","decl":{"start":{"line":4,"column":16},"end":{"line":4,"column":21}},"loc":{"start":{"line":4,"column":93},"end":{"line":22,"column":null}},"line":4}},"branchMap":{"0":{"loc":{"start":{"line":4,"column":33},"end":{"line":4,"column":45}},"type":"default-arg","locations":[{"start":{"line":4,"column":41},"end":{"line":4,"column":45}}],"line":4},"1":{"loc":{"start":{"line":15,"column":19},"end":{"line":15,"column":null}},"type":"cond-expr","locations":[{"start":{"line":15,"column":29},"end":{"line":15,"column":55}},{"start":{"line":15,"column":55},"end":{"line":15,"column":null}}],"line":15}},"s":{"0":8},"f":{"0":8},"b":{"0":[8],"1":[1,7]},"meta":{"lastBranch":2,"lastFunction":1,"lastStatement":1,"seen":{"f:4:16:4:21":0,"b:4:41:4:45":0,"s:5:2:20:Infinity":0,"b:15:29:15:55:15:55:15:Infinity":1}}}
,"C:\\Users\\carlo\\OneDrive\\Documents\\Proyectos\\GesGov\\frontend\\src\\components\\common\\DebugPanel.jsx": {"path":"C:\\Users\\carlo\\OneDrive\\Documents\\Proyectos\\GesGov\\frontend\\src\\components\\common\\DebugPanel.jsx","statementMap":{"0":{"start":{"line":8,"column":18},"end":{"line":8,"column":null}},"1":{"start":{"line":11,"column":2},"end":{"line":13,"column":null}},"2":{"start":{"line":12,"column":4},"end":{"line":12,"column":null}},"3":{"start":{"line":15,"column":2},"end":{"line":174,"column":null}},"4":{"start":{"line":19,"column":23},"end":{"line":19,"column":null}},"5":{"start":{"line":73,"column":29},"end":{"line":73,"column":null}},"6":{"start":{"line":179,"column":2},"end":{"line":201,"column":null}},"7":{"start":{"line":206,"column":2},"end":{"line":217,"column":null}},"8":{"start":{"line":222,"column":2},"end":{"line":222,"column":null}},"9":{"start":{"line":222,"column":19},"end":{"line":222,"column":null}},"10":{"start":{"line":223,"column":12},"end":{"line":223,"column":null}},"11":{"start":{"line":224,"column":16},"end":{"line":224,"column":null}},"12":{"start":{"line":225,"column":12},"end":{"line":225,"column":null}},"13":{"start":{"line":226,"column":2},"end":{"line":226,"column":null}}},"fnMap":{"0":{"name":"DebugPanel","decl":{"start":{"line":7,"column":16},"end":{"line":7,"column":27}},"loc":{"start":{"line":7,"column":55},"end":{"line":176,"column":null}},"line":7},"1":{"name":"(anonymous_1)","decl":{"start":{"line":19,"column":8},"end":{"line":19,"column":23}},"loc":{"start":{"line":19,"column":23},"end":{"line":19,"column":null}},"line":19},"2":{"name":"(anonymous_2)","decl":{"start":{"line":73,"column":14},"end":{"line":73,"column":29}},"loc":{"start":{"line":73,"column":29},"end":{"line":73,"column":null}},"line":73},"3":{"name":"Section","decl":{"start":{"line":178,"column":9},"end":{"line":178,"column":17}},"loc":{"start":{"line":178,"column":38},"end":{"line":203,"column":null}},"line":178},"4":{"name":"KeyValue","decl":{"start":{"line":205,"column":9},"end":{"line":205,"column":18}},"loc":{"start":{"line":205,"column":43},"end":{"line":219,"column":null}},"line":205},"5":{"name":"formatBytes","decl":{"start":{"line":221,"column":9},"end":{"line":221,"column":21}},"loc":{"start":{"line":221,"column":28},"end":{"line":227,"column":null}},"line":221}},"branchMap":{"0":{"loc":{"start":{"line":11,"column":2},"end":{"line":13,"column":null}},"type":"if","locations":[{"start":{"line":11,"column":2},"end":{"line":13,"column":null}},{"start":{},"end":{}}],"line":11},"1":{"loc":{"start":{"line":41,"column":7},"end":{"line":174,"column":null}},"type":"binary-expr","locations":[{"start":{"line":41,"column":7},"end":{"line":41,"column":null}},{"start":{"line":42,"column":8},"end":{"line":174,"column":null}}],"line":41},"2":{"loc":{"start":{"line":96,"column":45},"end":{"line":96,"column":72}},"type":"binary-expr","locations":[{"start":{"line":96,"column":45},"end":{"line":96,"column":60}},{"start":{"line":96,"column":60},"end":{"line":96,"column":72}}],"line":96},"3":{"loc":{"start":{"line":97,"column":51},"end":{"line":97,"column":84}},"type":"binary-expr","locations":[{"start":{"line":97,"column":51},"end":{"line":97,"column":72}},{"start":{"line":97,"column":72},"end":{"line":97,"column":84}}],"line":97},"4":{"loc":{"start":{"line":100,"column":23},"end":{"line":100,"column":null}},"type":"binary-expr","locations":[{"start":{"line":100,"column":23},"end":{"line":100,"column":49}},{"start":{"line":100,"column":49},"end":{"line":100,"column":null}}],"line":100},"5":{"loc":{"start":{"line":102,"column":45},"end":{"line":102,"column":72}},"type":"binary-expr","locations":[{"start":{"line":102,"column":45},"end":{"line":102,"column":60}},{"start":{"line":102,"column":60},"end":{"line":102,"column":72}}],"line":102},"6":{"loc":{"start":{"line":107,"column":15},"end":{"line":114,"column":null}},"type":"cond-expr","locations":[{"start":{"line":108,"column":16},"end":{"line":114,"column":17}},{"start":{"line":114,"column":16},"end":{"line":114,"column":null}}],"line":107},"7":{"loc":{"start":{"line":122,"column":23},"end":{"line":122,"column":null}},"type":"cond-expr","locations":[{"start":{"line":122,"column":37},"end":{"line":122,"column":47}},{"start":{"line":122,"column":47},"end":{"line":122,"column":null}}],"line":122},"8":{"loc":{"start":{"line":123,"column":23},"end":{"line":123,"column":null}},"type":"cond-expr","locations":[{"start":{"line":123,"column":37},"end":{"line":123,"column":47}},{"start":{"line":123,"column":47},"end":{"line":123,"column":null}}],"line":123},"9":{"loc":{"start":{"line":127,"column":23},"end":{"line":127,"column":null}},"type":"cond-expr","locations":[{"start":{"line":127,"column":30},"end":{"line":127,"column":40}},{"start":{"line":127,"column":40},"end":{"line":127,"column":null}}],"line":127},"10":{"loc":{"start":{"line":128,"column":23},"end":{"line":128,"column":null}},"type":"cond-expr","locations":[{"start":{"line":128,"column":30},"end":{"line":128,"column":40}},{"start":{"line":128,"column":40},"end":{"line":128,"column":null}}],"line":128},"11":{"loc":{"start":{"line":132,"column":23},"end":{"line":132,"column":null}},"type":"cond-expr","locations":[{"start":{"line":132,"column":45},"end":{"line":132,"column":55}},{"start":{"line":132,"column":55},"end":{"line":132,"column":null}}],"line":132},"12":{"loc":{"start":{"line":132,"column":23},"end":{"line":132,"column":45}},"type":"binary-expr","locations":[{"start":{"line":132,"column":23},"end":{"line":132,"column":38}},{"start":{"line":132,"column":38},"end":{"line":132,"column":45}}],"line":132},"13":{"loc":{"start":{"line":133,"column":23},"end":{"line":133,"column":null}},"type":"cond-expr","locations":[{"start":{"line":133,"column":45},"end":{"line":133,"column":55}},{"start":{"line":133,"column":55},"end":{"line":133,"column":null}}],"line":133},"14":{"loc":{"start":{"line":133,"column":23},"end":{"line":133,"column":45}},"type":"binary-expr","locations":[{"start":{"line":133,"column":23},"end":{"line":133,"column":38}},{"start":{"line":133,"column":38},"end":{"line":133,"column":45}}],"line":133},"15":{"loc":{"start":{"line":141,"column":23},"end":{"line":141,"column":null}},"type":"cond-expr","locations":[{"start":{"line":141,"column":36},"end":{"line":141,"column":46}},{"start":{"line":141,"column":46},"end":{"line":141,"column":null}}],"line":141},"16":{"loc":{"start":{"line":142,"column":23},"end":{"line":142,"column":null}},"type":"cond-expr","locations":[{"start":{"line":142,"column":36},"end":{"line":142,"column":47}},{"start":{"line":142,"column":47},"end":{"line":142,"column":null}}],"line":142},"17":{"loc":{"start":{"line":146,"column":23},"end":{"line":146,"column":null}},"type":"cond-expr","locations":[{"start":{"line":146,"column":61},"end":{"line":146,"column":72}},{"start":{"line":146,"column":72},"end":{"line":146,"column":null}}],"line":146},"18":{"loc":{"start":{"line":146,"column":23},"end":{"line":146,"column":61}},"type":"binary-expr","locations":[{"start":{"line":146,"column":23},"end":{"line":146,"column":37}},{"start":{"line":146,"column":37},"end":{"line":146,"column":53}},{"start":{"line":146,"column":53},"end":{"line":146,"column":61}}],"line":146},"19":{"loc":{"start":{"line":147,"column":23},"end":{"line":147,"column":null}},"type":"cond-expr","locations":[{"start":{"line":147,"column":61},"end":{"line":147,"column":69}},{"start":{"line":147,"column":69},"end":{"line":147,"column":null}}],"line":147},"20":{"loc":{"start":{"line":147,"column":23},"end":{"line":147,"column":61}},"type":"binary-expr","locations":[{"start":{"line":147,"column":23},"end":{"line":147,"column":37}},{"start":{"line":147,"column":37},"end":{"line":147,"column":53}},{"start":{"line":147,"column":53},"end":{"line":147,"column":61}}],"line":147},"21":{"loc":{"start":{"line":216,"column":48},"end":{"line":216,"column":64}},"type":"binary-expr","locations":[{"start":{"line":216,"column":48},"end":{"line":216,"column":57}},{"start":{"line":216,"column":57},"end":{"line":216,"column":64}}],"line":216},"22":{"loc":{"start":{"line":222,"column":2},"end":{"line":222,"column":null}},"type":"if","locations":[{"start":{"line":222,"column":2},"end":{"line":222,"column":null}},{"start":{},"end":{}}],"line":222}},"s":{"0":24,"1":24,"2":0,"3":24,"4":11,"5":1,"6":50,"7":113,"8":1,"9":0,"10":1,"11":1,"12":1,"13":1},"f":{"0":24,"1":11,"2":1,"3":50,"4":113,"5":1},"b":{"0":[0,24],"1":[24,10],"2":[10,8],"3":[10,10],"4":[10,10],"5":[10,10],"6":[1,9],"7":[2,8],"8":[2,8],"9":[1,9],"10":[1,9],"11":[1,9],"12":[10,2],"13":[1,9],"14":[10,2],"15":[1,9],"16":[1,9],"17":[9,1],"18":[10,9,2],"19":[9,1],"20":[10,9,2],"21":[113,63],"22":[0,1]},"meta":{"lastBranch":23,"lastFunction":6,"lastStatement":14,"seen":{"f:7:16:7:27":0,"s:8:18:8:Infinity":0,"b:11:2:13:Infinity:undefined:undefined:undefined:undefined":0,"s:11:2:13:Infinity":1,"s:12:4:12:Infinity":2,"s:15:2:174:Infinity":3,"f:19:8:19:23":1,"s:19:23:19:Infinity":4,"b:41:7:41:Infinity:42:8:174:Infinity":1,"f:73:14:73:29":2,"s:73:29:73:Infinity":5,"b:96:45:96:60:96:60:96:72":2,"b:97:51:97:72:97:72:97:84":3,"b:100:23:100:49:100:49:100:Infinity":4,"b:102:45:102:60:102:60:102:72":5,"b:108:16:114:17:114:16:114:Infinity":6,"b:122:37:122:47:122:47:122:Infinity":7,"b:123:37:123:47:123:47:123:Infinity":8,"b:127:30:127:40:127:40:127:Infinity":9,"b:128:30:128:40:128:40:128:Infinity":10,"b:132:45:132:55:132:55:132:Infinity":11,"b:132:23:132:38:132:38:132:45":12,"b:133:45:133:55:133:55:133:Infinity":13,"b:133:23:133:38:133:38:133:45":14,"b:141:36:141:46:141:46:141:Infinity":15,"b:142:36:142:47:142:47:142:Infinity":16,"b:146:61:146:72:146:72:146:Infinity":17,"b:146:23:146:37:146:37:146:53:146:53:146:61":18,"b:147:61:147:69:147:69:147:Infinity":19,"b:147:23:147:37:147:37:147:53:147:53:147:61":20,"f:178:9:178:17":3,"s:179:2:201:Infinity":6,"f:205:9:205:18":4,"s:206:2:217:Infinity":7,"b:216:48:216:57:216:57:216:64":21,"f:221:9:221:21":5,"b:222:2:222:Infinity:undefined:undefined:undefined:undefined":22,"s:222:2:222:Infinity":8,"s:222:19:222:Infinity":9,"s:223:12:223:Infinity":10,"s:224:16:224:Infinity":11,"s:225:12:225:Infinity":12,"s:226:2:226:Infinity":13}}}
,"C:\\Users\\carlo\\OneDrive\\Documents\\Proyectos\\GesGov\\frontend\\src\\components\\common\\ErrorMessage.jsx": {"path":"C:\\Users\\carlo\\OneDrive\\Documents\\Proyectos\\GesGov\\frontend\\src\\components\\common\\ErrorMessage.jsx","statementMap":{"0":{"start":{"line":5,"column":2},"end":{"line":44,"column":null}}},"fnMap":{"0":{"name":"ErrorMessage","decl":{"start":{"line":4,"column":16},"end":{"line":4,"column":29}},"loc":{"start":{"line":4,"column":51},"end":{"line":46,"column":null}},"line":4}},"branchMap":{"0":{"loc":{"start":{"line":39,"column":7},"end":{"line":42,"column":null}},"type":"binary-expr","locations":[{"start":{"line":39,"column":7},"end":{"line":39,"column":null}},{"start":{"line":40,"column":8},"end":{"line":42,"column":null}}],"line":39}},"s":{"0":12},"f":{"0":12},"b":{"0":[12,7]},"meta":{"lastBranch":1,"lastFunction":1,"lastStatement":1,"seen":{"f:4:16:4:29":0,"s:5:2:44:Infinity":0,"b:39:7:39:Infinity:40:8:42:Infinity":0}}}
,"C:\\Users\\carlo\\OneDrive\\Documents\\Proyectos\\GesGov\\frontend\\src\\components\\common\\Icons.jsx": {"path":"C:\\Users\\carlo\\OneDrive\\Documents\\Proyectos\\GesGov\\frontend\\src\\components\\common\\Icons.jsx","statementMap":{"0":{"start":{"line":4,"column":21},"end":{"line":132,"column":null}},"1":{"start":{"line":6,"column":4},"end":{"line":11,"column":null}},"2":{"start":{"line":15,"column":4},"end":{"line":20,"column":null}},"3":{"start":{"line":24,"column":4},"end":{"line":28,"column":null}},"4":{"start":{"line":32,"column":4},"end":{"line":36,"column":null}},"5":{"start":{"line":40,"column":4},"end":{"line":43,"column":null}},"6":{"start":{"line":47,"column":4},"end":{"line":50,"column":null}},"7":{"start":{"line":54,"column":4},"end":{"line":57,"column":null}},"8":{"start":{"line":61,"column":4},"end":{"line":64,"column":null}},"9":{"start":{"line":68,"column":4},"end":{"line":71,"column":null}},"10":{"start":{"line":75,"column":4},"end":{"line":77,"column":null}},"11":{"start":{"line":81,"column":4},"end":{"line":84,"column":null}},"12":{"start":{"line":88,"column":4},"end":{"line":91,"column":null}},"13":{"start":{"line":95,"column":4},"end":{"line":100,"column":null}},"14":{"start":{"line":104,"column":4},"end":{"line":107,"column":null}},"15":{"start":{"line":111,"column":4},"end":{"line":115,"column":null}},"16":{"start":{"line":119,"column":4},"end":{"line":123,"column":null}},"17":{"start":{"line":127,"column":4},"end":{"line":130,"column":null}}},"fnMap":{"0":{"name":"(anonymous_0)","decl":{"start":{"line":5,"column":2},"end":{"line":5,"column":null}},"loc":{"start":{"line":6,"column":4},"end":{"line":11,"column":null}},"line":6},"1":{"name":"(anonymous_1)","decl":{"start":{"line":14,"column":2},"end":{"line":14,"column":null}},"loc":{"start":{"line":15,"column":4},"end":{"line":20,"column":null}},"line":15},"2":{"name":"(anonymous_2)","decl":{"start":{"line":23,"column":2},"end":{"line":23,"column":null}},"loc":{"start":{"line":24,"column":4},"end":{"line":28,"column":null}},"line":24},"3":{"name":"(anonymous_3)","decl":{"start":{"line":31,"column":2},"end":{"line":31,"column":null}},"loc":{"start":{"line":32,"column":4},"end":{"line":36,"column":null}},"line":32},"4":{"name":"(anonymous_4)","decl":{"start":{"line":39,"column":2},"end":{"line":39,"column":null}},"loc":{"start":{"line":40,"column":4},"end":{"line":43,"column":null}},"line":40},"5":{"name":"(anonymous_5)","decl":{"start":{"line":46,"column":2},"end":{"line":46,"column":null}},"loc":{"start":{"line":47,"column":4},"end":{"line":50,"column":null}},"line":47},"6":{"name":"(anonymous_6)","decl":{"start":{"line":53,"column":2},"end":{"line":53,"column":null}},"loc":{"start":{"line":54,"column":4},"end":{"line":57,"column":null}},"line":54},"7":{"name":"(anonymous_7)","decl":{"start":{"line":60,"column":2},"end":{"line":60,"column":null}},"loc":{"start":{"line":61,"column":4},"end":{"line":64,"column":null}},"line":61},"8":{"name":"(anonymous_8)","decl":{"start":{"line":67,"column":2},"end":{"line":67,"column":null}},"loc":{"start":{"line":68,"column":4},"end":{"line":71,"column":null}},"line":68},"9":{"name":"(anonymous_9)","decl":{"start":{"line":74,"column":2},"end":{"line":74,"column":null}},"loc":{"start":{"line":75,"column":4},"end":{"line":77,"column":null}},"line":75},"10":{"name":"(anonymous_10)","decl":{"start":{"line":80,"column":2},"end":{"line":80,"column":null}},"loc":{"start":{"line":81,"column":4},"end":{"line":84,"column":null}},"line":81},"11":{"name":"(anonymous_11)","decl":{"start":{"line":87,"column":2},"end":{"line":87,"column":null}},"loc":{"start":{"line":88,"column":4},"end":{"line":91,"column":null}},"line":88},"12":{"name":"(anonymous_12)","decl":{"start":{"line":94,"column":2},"end":{"line":94,"column":null}},"loc":{"start":{"line":95,"column":4},"end":{"line":100,"column":null}},"line":95},"13":{"name":"(anonymous_13)","decl":{"start":{"line":103,"column":2},"end":{"line":103,"column":null}},"loc":{"start":{"line":104,"column":4},"end":{"line":107,"column":null}},"line":104},"14":{"name":"(anonymous_14)","decl":{"start":{"line":110,"column":2},"end":{"line":110,"column":null}},"loc":{"start":{"line":111,"column":4},"end":{"line":115,"column":null}},"line":111},"15":{"name":"(anonymous_15)","decl":{"start":{"line":118,"column":2},"end":{"line":118,"column":null}},"loc":{"start":{"line":119,"column":4},"end":{"line":123,"column":null}},"line":119},"16":{"name":"(anonymous_16)","decl":{"start":{"line":126,"column":2},"end":{"line":126,"column":null}},"loc":{"start":{"line":127,"column":4},"end":{"line":130,"column":null}},"line":127}},"branchMap":{},"s":{"0":7,"1":1,"2":1,"3":1,"4":1,"5":1,"6":1,"7":1,"8":1,"9":1,"10":1,"11":1,"12":1,"13":1,"14":1,"15":1,"16":1,"17":1},"f":{"0":1,"1":1,"2":1,"3":1,"4":1,"5":1,"6":1,"7":1,"8":1,"9":1,"10":1,"11":1,"12":1,"13":1,"14":1,"15":1,"16":1},"b":{},"meta":{"lastBranch":0,"lastFunction":17,"lastStatement":18,"seen":{"s:4:21:132:Infinity":0,"f:5:2:5:Infinity":0,"s:6:4:11:Infinity":1,"f:14:2:14:Infinity":1,"s:15:4:20:Infinity":2,"f:23:2:23:Infinity":2,"s:24:4:28:Infinity":3,"f:31:2:31:Infinity":3,"s:32:4:36:Infinity":4,"f:39:2:39:Infinity":4,"s:40:4:43:Infinity":5,"f:46:2:46:Infinity":5,"s:47:4:50:Infinity":6,"f:53:2:53:Infinity":6,"s:54:4:57:Infinity":7,"f:60:2:60:Infinity":7,"s:61:4:64:Infinity":8,"f:67:2:67:Infinity":8,"s:68:4:71:Infinity":9,"f:74:2:74:Infinity":9,"s:75:4:77:Infinity":10,"f:80:2:80:Infinity":10,"s:81:4:84:Infinity":11,"f:87:2:87:Infinity":11,"s:88:4:91:Infinity":12,"f:94:2:94:Infinity":12,"s:95:4:100:Infinity":13,"f:103:2:103:Infinity":13,"s:104:4:107:Infinity":14,"f:110:2:110:Infinity":14,"s:111:4:115:Infinity":15,"f:118:2:118:Infinity":15,"s:119:4:123:Infinity":16,"f:126:2:126:Infinity":16,"s:127:4:130:Infinity":17}}}
,"C:\\Users\\carlo\\OneDrive\\Documents\\Proyectos\\GesGov\\frontend\\src\\components\\common\\Loading.jsx": {"path":"C:\\Users\\carlo\\OneDrive\\Documents\\Proyectos\\GesGov\\frontend\\src\\components\\common\\Loading.jsx","statementMap":{"0":{"start":{"line":2,"column":2},"end":{"line":26,"column":null}}},"fnMap":{"0":{"name":"Loading","decl":{"start":{"line":1,"column":16},"end":{"line":1,"column":24}},"loc":{"start":{"line":1,"column":53},"end":{"line":28,"column":null}},"line":1}},"branchMap":{"0":{"loc":{"start":{"line":1,"column":26},"end":{"line":1,"column":53}},"type":"default-arg","locations":[{"start":{"line":1,"column":36},"end":{"line":1,"column":53}}],"line":1}},"s":{"0":18},"f":{"0":18},"b":{"0":[18]},"meta":{"lastBranch":1,"lastFunction":1,"lastStatement":1,"seen":{"f:1:16:1:24":0,"b:1:36:1:53":0,"s:2:2:26:Infinity":0}}}
,"C:\\Users\\carlo\\OneDrive\\Documents\\Proyectos\\GesGov\\frontend\\src\\components\\common\\StatusBadge.jsx": {"path":"C:\\Users\\carlo\\OneDrive\\Documents\\Proyectos\\GesGov\\frontend\\src\\components\\common\\StatusBadge.jsx","statementMap":{"0":{"start":{"line":1,"column":22},"end":{"line":7,"column":null}},"1":{"start":{"line":10,"column":14},"end":{"line":10,"column":null}},"2":{"start":{"line":11,"column":2},"end":{"line":36,"column":null}}},"fnMap":{"0":{"name":"StatusBadge","decl":{"start":{"line":9,"column":16},"end":{"line":9,"column":28}},"loc":{"start":{"line":9,"column":40},"end":{"line":38,"column":null}},"line":9}},"branchMap":{"0":{"loc":{"start":{"line":10,"column":14},"end":{"line":10,"column":null}},"type":"binary-expr","locations":[{"start":{"line":10,"column":14},"end":{"line":10,"column":39}},{"start":{"line":10,"column":39},"end":{"line":10,"column":null}}],"line":10}},"s":{"0":7,"1":124,"2":124},"f":{"0":124},"b":{"0":[124,2]},"meta":{"lastBranch":1,"lastFunction":1,"lastStatement":3,"seen":{"s:1:22:7:Infinity":0,"f:9:16:9:28":0,"s:10:14:10:Infinity":1,"b:10:14:10:39:10:39:10:Infinity":0,"s:11:2:36:Infinity":2}}}
,"C:\\Users\\carlo\\OneDrive\\Documents\\Proyectos\\GesGov\\frontend\\src\\components\\common\\index.js": {"path":"C:\\Users\\carlo\\OneDrive\\Documents\\Proyectos\\GesGov\\frontend\\src\\components\\common\\index.js","statementMap":{},"fnMap":{},"branchMap":{},"s":{},"f":{},"b":{},"meta":{"lastBranch":0,"lastFunction":0,"lastStatement":0,"seen":{}}}
,"C:\\Users\\carlo\\OneDrive\\Documents\\Proyectos\\GesGov\\frontend\\src\\components\\documents\\Dashboard.jsx": {"path":"C:\\Users\\carlo\\OneDrive\\Documents\\Proyectos\\GesGov\\frontend\\src\\components\\documents\\Dashboard.jsx","statementMap":{"0":{"start":{"line":13,"column":20},"end":{"line":62,"column":null}},"1":{"start":{"line":65,"column":2},"end":{"line":65,"column":null}},"2":{"start":{"line":65,"column":15},"end":{"line":65,"column":null}},"3":{"start":{"line":66,"column":2},"end":{"line":66,"column":null}},"4":{"start":{"line":66,"column":15},"end":{"line":66,"column":null}},"5":{"start":{"line":68,"column":16},"end":{"line":68,"column":null}},"6":{"start":{"line":68,"column":54},"end":{"line":68,"column":61}},"7":{"start":{"line":69,"column":25},"end":{"line":69,"column":null}},"8":{"start":{"line":71,"column":8},"end":{"line":71,"column":null}},"9":{"start":{"line":73,"column":2},"end":{"line":294,"column":null}},"10":{"start":{"line":196,"column":10},"end":{"line":252,"column":null}},"11":{"start":{"line":212,"column":14},"end":{"line":212,"column":null}},"12":{"start":{"line":213,"column":14},"end":{"line":213,"column":null}},"13":{"start":{"line":216,"column":14},"end":{"line":216,"column":null}},"14":{"start":{"line":217,"column":14},"end":{"line":217,"column":null}},"15":{"start":{"line":286,"column":25},"end":{"line":286,"column":null}}},"fnMap":{"0":{"name":"Dashboard","decl":{"start":{"line":64,"column":16},"end":{"line":64,"column":26}},"loc":{"start":{"line":64,"column":69},"end":{"line":296,"column":null}},"line":64},"1":{"name":"(anonymous_1)","decl":{"start":{"line":68,"column":37},"end":{"line":68,"column":45}},"loc":{"start":{"line":68,"column":54},"end":{"line":68,"column":61}},"line":68},"2":{"name":"(anonymous_2)","decl":{"start":{"line":195,"column":21},"end":{"line":195,"column":26}},"loc":{"start":{"line":196,"column":10},"end":{"line":252,"column":null}},"line":196},"3":{"name":"(anonymous_3)","decl":{"start":{"line":211,"column":12},"end":{"line":211,"column":27}},"loc":{"start":{"line":211,"column":33},"end":{"line":214,"column":null}},"line":211},"4":{"name":"(anonymous_4)","decl":{"start":{"line":215,"column":12},"end":{"line":215,"column":27}},"loc":{"start":{"line":215,"column":33},"end":{"line":218,"column":null}},"line":215},"5":{"name":"(anonymous_5)","decl":{"start":{"line":286,"column":10},"end":{"line":286,"column":25}},"loc":{"start":{"line":286,"column":25},"end":{"line":286,"column":null}},"line":286}},"branchMap":{"0":{"loc":{"start":{"line":65,"column":2},"end":{"line":65,"column":null}},"type":"if","locations":[{"start":{"line":65,"column":2},"end":{"line":65,"column":null}},{"start":{},"end":{}}],"line":65},"1":{"loc":{"start":{"line":66,"column":2},"end":{"line":66,"column":null}},"type":"if","locations":[{"start":{"line":66,"column":2},"end":{"line":66,"column":null}},{"start":{},"end":{}}],"line":66},"2":{"loc":{"start":{"line":71,"column":20},"end":{"line":71,"column":43}},"type":"binary-expr","locations":[{"start":{"line":71,"column":20},"end":{"line":71,"column":37}},{"start":{"line":71,"column":37},"end":{"line":71,"column":43}}],"line":71},"3":{"loc":{"start":{"line":71,"column":43},"end":{"line":71,"column":null}},"type":"binary-expr","locations":[{"start":{"line":71,"column":43},"end":{"line":71,"column":63}},{"start":{"line":71,"column":63},"end":{"line":71,"column":null}}],"line":71},"4":{"loc":{"start":{"line":167,"column":11},"end":{"line":181,"column":null}},"type":"binary-expr","locations":[{"start":{"line":167,"column":11},"end":{"line":167,"column":null}},{"start":{"line":168,"column":12},"end":{"line":181,"column":null}}],"line":167},"5":{"loc":{"start":{"line":246,"column":17},"end":{"line":246,"column":null}},"type":"binary-expr","locations":[{"start":{"line":246,"column":17},"end":{"line":246,"column":40}},{"start":{"line":246,"column":40},"end":{"line":246,"column":null}}],"line":246}},"s":{"0":2,"1":43,"2":11,"3":32,"4":32,"5":29,"6":45,"7":29,"8":29,"9":43,"10":174,"11":0,"12":0,"13":0,"14":0,"15":1},"f":{"0":43,"1":45,"2":174,"3":0,"4":0,"5":1},"b":{"0":[11,32],"1":[3,29],"2":[29,21],"3":[43,21],"4":[43,8],"5":[174,122]},"meta":{"lastBranch":6,"lastFunction":6,"lastStatement":16,"seen":{"s:13:20:62:Infinity":0,"f:64:16:64:26":0,"b:65:2:65:Infinity:undefined:undefined:undefined:undefined":0,"s:65:2:65:Infinity":1,"s:65:15:65:Infinity":2,"b:66:2:66:Infinity:undefined:undefined:undefined:undefined":1,"s:66:2:66:Infinity":3,"s:66:15:66:Infinity":4,"s:68:16:68:Infinity":5,"f:68:37:68:45":1,"s:68:54:68:61":6,"s:69:25:69:Infinity":7,"s:71:8:71:Infinity":8,"b:71:20:71:37:71:37:71:43":2,"b:71:43:71:63:71:63:71:Infinity":3,"s:73:2:294:Infinity":9,"b:167:11:167:Infinity:168:12:181:Infinity":4,"f:195:21:195:26":2,"s:196:10:252:Infinity":10,"f:211:12:211:27":3,"s:212:14:212:Infinity":11,"s:213:14:213:Infinity":12,"f:215:12:215:27":4,"s:216:14:216:Infinity":13,"s:217:14:217:Infinity":14,"b:246:17:246:40:246:40:246:Infinity":5,"f:286:10:286:25":5,"s:286:25:286:Infinity":15}}}
,"C:\\Users\\carlo\\OneDrive\\Documents\\Proyectos\\GesGov\\frontend\\src\\components\\documents\\DocumentDetailModal.jsx": {"path":"C:\\Users\\carlo\\OneDrive\\Documents\\Proyectos\\GesGov\\frontend\\src\\components\\documents\\DocumentDetailModal.jsx","statementMap":{"0":{"start":{"line":6,"column":2},"end":{"line":6,"column":null}},"1":{"start":{"line":6,"column":17},"end":{"line":6,"column":null}},"2":{"start":{"line":8,"column":8},"end":{"line":8,"column":null}},"3":{"start":{"line":10,"column":30},"end":{"line":19,"column":null}},"4":{"start":{"line":11,"column":4},"end":{"line":18,"column":null}},"5":{"start":{"line":12,"column":6},"end":{"line":17,"column":null}},"6":{"start":{"line":13,"column":8},"end":{"line":13,"column":null}},"7":{"start":{"line":14,"column":8},"end":{"line":14,"column":null}},"8":{"start":{"line":16,"column":8},"end":{"line":16,"column":null}},"9":{"start":{"line":21,"column":23},"end":{"line":30,"column":null}},"10":{"start":{"line":22,"column":4},"end":{"line":29,"column":null}},"11":{"start":{"line":23,"column":6},"end":{"line":28,"column":null}},"12":{"start":{"line":24,"column":8},"end":{"line":24,"column":null}},"13":{"start":{"line":25,"column":8},"end":{"line":25,"column":null}},"14":{"start":{"line":27,"column":8},"end":{"line":27,"column":null}},"15":{"start":{"line":32,"column":8},"end":{"line":47,"column":null}},"16":{"start":{"line":33,"column":4},"end":{"line":47,"column":null}},"17":{"start":{"line":50,"column":2},"end":{"line":348,"column":null}},"18":{"start":{"line":78,"column":24},"end":{"line":78,"column":null}},"19":{"start":{"line":105,"column":34},"end":{"line":105,"column":null}},"20":{"start":{"line":106,"column":34},"end":{"line":106,"column":null}}},"fnMap":{"0":{"name":"DocumentDetailModal","decl":{"start":{"line":5,"column":16},"end":{"line":5,"column":36}},"loc":{"start":{"line":5,"column":86},"end":{"line":350,"column":null}},"line":5},"1":{"name":"(anonymous_1)","decl":{"start":{"line":10,"column":30},"end":{"line":10,"column":42}},"loc":{"start":{"line":10,"column":42},"end":{"line":19,"column":null}},"line":10},"2":{"name":"(anonymous_2)","decl":{"start":{"line":21,"column":23},"end":{"line":21,"column":35}},"loc":{"start":{"line":21,"column":35},"end":{"line":30,"column":null}},"line":21},"3":{"name":"(anonymous_3)","decl":{"start":{"line":32,"column":8},"end":{"line":32,"column":19}},"loc":{"start":{"line":33,"column":4},"end":{"line":47,"column":null}},"line":33},"4":{"name":"(anonymous_4)","decl":{"start":{"line":78,"column":8},"end":{"line":78,"column":18}},"loc":{"start":{"line":78,"column":24},"end":{"line":78,"column":null}},"line":78},"5":{"name":"(anonymous_5)","decl":{"start":{"line":105,"column":12},"end":{"line":105,"column":27}},"loc":{"start":{"line":105,"column":34},"end":{"line":105,"column":null}},"line":105},"6":{"name":"(anonymous_6)","decl":{"start":{"line":106,"column":12},"end":{"line":106,"column":27}},"loc":{"start":{"line":106,"column":34},"end":{"line":106,"column":null}},"line":106}},"branchMap":{"0":{"loc":{"start":{"line":6,"column":2},"end":{"line":6,"column":null}},"type":"if","locations":[{"start":{"line":6,"column":2},"end":{"line":6,"column":null}},{"start":{},"end":{}}],"line":6},"1":{"loc":{"start":{"line":11,"column":4},"end":{"line":18,"column":null}},"type":"if","locations":[{"start":{"line":11,"column":4},"end":{"line":18,"column":null}},{"start":{},"end":{}}],"line":11},"2":{"loc":{"start":{"line":22,"column":4},"end":{"line":29,"column":null}},"type":"if","locations":[{"start":{"line":22,"column":4},"end":{"line":29,"column":null}},{"start":{},"end":{}}],"line":22},"3":{"loc":{"start":{"line":129,"column":15},"end":{"line":146,"column":15}},"type":"binary-expr","locations":[{"start":{"line":129,"column":15},"end":{"line":129,"column":null}},{"start":{"line":130,"column":16},"end":{"line":146,"column":15}}],"line":129},"4":{"loc":{"start":{"line":191,"column":15},"end":{"line":224,"column":null}},"type":"cond-expr","locations":[{"start":{"line":192,"column":16},"end":{"line":222,"column":17}},{"start":{"line":222,"column":16},"end":{"line":224,"column":null}}],"line":191},"5":{"loc":{"start":{"line":211,"column":29},"end":{"line":211,"column":null}},"type":"cond-expr","locations":[{"start":{"line":211,"column":40},"end":{"line":211,"column":52}},{"start":{"line":211,"column":52},"end":{"line":211,"column":null}}],"line":211},"6":{"loc":{"start":{"line":211,"column":52},"end":{"line":211,"column":null}},"type":"cond-expr","locations":[{"start":{"line":211,"column":64},"end":{"line":211,"column":76}},{"start":{"line":211,"column":76},"end":{"line":211,"column":null}}],"line":211},"7":{"loc":{"start":{"line":214,"column":21},"end":{"line":218,"column":null}},"type":"cond-expr","locations":[{"start":{"line":215,"column":24},"end":{"line":215,"column":null}},{"start":{"line":216,"column":24},"end":{"line":218,"column":null}}],"line":214},"8":{"loc":{"start":{"line":216,"column":24},"end":{"line":218,"column":null}},"type":"cond-expr","locations":[{"start":{"line":217,"column":24},"end":{"line":217,"column":null}},{"start":{"line":218,"column":24},"end":{"line":218,"column":null}}],"line":216},"9":{"loc":{"start":{"line":228,"column":11},"end":{"line":233,"column":null}},"type":"binary-expr","locations":[{"start":{"line":228,"column":11},"end":{"line":228,"column":null}},{"start":{"line":229,"column":12},"end":{"line":233,"column":null}}],"line":228},"10":{"loc":{"start":{"line":271,"column":19},"end":{"line":277,"column":null}},"type":"cond-expr","locations":[{"start":{"line":272,"column":22},"end":{"line":272,"column":null}},{"start":{"line":273,"column":22},"end":{"line":277,"column":null}}],"line":271},"11":{"loc":{"start":{"line":273,"column":22},"end":{"line":277,"column":null}},"type":"cond-expr","locations":[{"start":{"line":274,"column":22},"end":{"line":274,"column":null}},{"start":{"line":275,"column":22},"end":{"line":277,"column":null}}],"line":273},"12":{"loc":{"start":{"line":273,"column":22},"end":{"line":273,"column":null}},"type":"binary-expr","locations":[{"start":{"line":273,"column":22},"end":{"line":273,"column":61}},{"start":{"line":273,"column":61},"end":{"line":273,"column":null}}],"line":273},"13":{"loc":{"start":{"line":275,"column":22},"end":{"line":277,"column":null}},"type":"cond-expr","locations":[{"start":{"line":276,"column":22},"end":{"line":276,"column":null}},{"start":{"line":277,"column":22},"end":{"line":277,"column":null}}],"line":275},"14":{"loc":{"start":{"line":275,"column":22},"end":{"line":275,"column":null}},"type":"binary-expr","locations":[{"start":{"line":275,"column":22},"end":{"line":275,"column":62}},{"start":{"line":275,"column":62},"end":{"line":275,"column":null}}],"line":275},"15":{"loc":{"start":{"line":284,"column":11},"end":{"line":298,"column":null}},"type":"binary-expr","locations":[{"start":{"line":284,"column":11},"end":{"line":284,"column":null}},{"start":{"line":285,"column":12},"end":{"line":298,"column":null}}],"line":284},"16":{"loc":{"start":{"line":316,"column":13},"end":{"line":321,"column":null}},"type":"binary-expr","locations":[{"start":{"line":316,"column":13},"end":{"line":316,"column":null}},{"start":{"line":317,"column":14},"end":{"line":321,"column":null}}],"line":316},"17":{"loc":{"start":{"line":328,"column":13},"end":{"line":335,"column":null}},"type":"binary-expr","locations":[{"start":{"line":328,"column":13},"end":{"line":328,"column":null}},{"start":{"line":329,"column":14},"end":{"line":335,"column":null}}],"line":328}},"s":{"0":31,"1":1,"2":30,"3":30,"4":3,"5":2,"6":2,"7":1,"8":1,"9":30,"10":3,"11":2,"12":2,"13":1,"14":1,"15":30,"16":88,"17":30,"18":8,"19":0,"20":0},"f":{"0":31,"1":3,"2":3,"3":88,"4":8,"5":0,"6":0},"b":{"0":[1,30],"1":[2,1],"2":[2,1],"3":[30,30],"4":[29,1],"5":[1,28],"6":[1,27],"7":[1,28],"8":[1,27],"9":[31,29],"10":[27,3],"11":[1,2],"12":[3,2],"13":[1,1],"14":[2,1],"15":[31,29],"16":[31,1],"17":[31,29]},"meta":{"lastBranch":18,"lastFunction":7,"lastStatement":21,"seen":{"f:5:16:5:36":0,"b:6:2:6:Infinity:undefined:undefined:undefined:undefined":0,"s:6:2:6:Infinity":0,"s:6:17:6:Infinity":1,"s:8:8:8:Infinity":2,"s:10:30:19:Infinity":3,"f:10:30:10:42":1,"b:11:4:18:Infinity:undefined:undefined:undefined:undefined":1,"s:11:4:18:Infinity":4,"s:12:6:17:Infinity":5,"s:13:8:13:Infinity":6,"s:14:8:14:Infinity":7,"s:16:8:16:Infinity":8,"s:21:23:30:Infinity":9,"f:21:23:21:35":2,"b:22:4:29:Infinity:undefined:undefined:undefined:undefined":2,"s:22:4:29:Infinity":10,"s:23:6:28:Infinity":11,"s:24:8:24:Infinity":12,"s:25:8:25:Infinity":13,"s:27:8:27:Infinity":14,"s:32:8:47:Infinity":15,"f:32:8:32:19":3,"s:33:4:47:Infinity":16,"s:50:2:348:Infinity":17,"f:78:8:78:18":4,"s:78:24:78:Infinity":18,"f:105:12:105:27":5,"s:105:34:105:Infinity":19,"f:106:12:106:27":6,"s:106:34:106:Infinity":20,"b:129:15:129:Infinity:130:16:146:15":3,"b:192:16:222:17:222:16:224:Infinity":4,"b:211:40:211:52:211:52:211:Infinity":5,"b:211:64:211:76:211:76:211:Infinity":6,"b:215:24:215:Infinity:216:24:218:Infinity":7,"b:217:24:217:Infinity:218:24:218:Infinity":8,"b:228:11:228:Infinity:229:12:233:Infinity":9,"b:272:22:272:Infinity:273:22:277:Infinity":10,"b:274:22:274:Infinity:275:22:277:Infinity":11,"b:273:22:273:61:273:61:273:Infinity":12,"b:276:22:276:Infinity:277:22:277:Infinity":13,"b:275:22:275:62:275:62:275:Infinity":14,"b:284:11:284:Infinity:285:12:298:Infinity":15,"b:316:13:316:Infinity:317:14:321:Infinity":16,"b:328:13:328:Infinity:329:14:335:Infinity":17}}}
,"C:\\Users\\carlo\\OneDrive\\Documents\\Proyectos\\GesGov\\frontend\\src\\components\\documents\\DocumentsList.jsx": {"path":"C:\\Users\\carlo\\OneDrive\\Documents\\Proyectos\\GesGov\\frontend\\src\\components\\documents\\DocumentsList.jsx","statementMap":{"0":{"start":{"line":8,"column":17},"end":{"line":8,"column":null}},"1":{"start":{"line":9,"column":23},"end":{"line":9,"column":null}},"2":{"start":{"line":11,"column":2},"end":{"line":11,"column":null}},"3":{"start":{"line":11,"column":15},"end":{"line":11,"column":null}},"4":{"start":{"line":12,"column":2},"end":{"line":12,"column":null}},"5":{"start":{"line":12,"column":15},"end":{"line":12,"column":null}},"6":{"start":{"line":14,"column":19},"end":{"line":22,"column":null}},"7":{"start":{"line":15,"column":14},"end":{"line":15,"column":null}},"8":{"start":{"line":17,"column":6},"end":{"line":19,"column":null}},"9":{"start":{"line":20,"column":24},"end":{"line":20,"column":null}},"10":{"start":{"line":21,"column":4},"end":{"line":21,"column":null}},"11":{"start":{"line":24,"column":2},"end":{"line":281,"column":null}},"12":{"start":{"line":57,"column":29},"end":{"line":57,"column":null}},"13":{"start":{"line":71,"column":29},"end":{"line":71,"column":null}},"14":{"start":{"line":72,"column":29},"end":{"line":72,"column":null}},"15":{"start":{"line":79,"column":27},"end":{"line":79,"column":null}},"16":{"start":{"line":94,"column":12},"end":{"line":96,"column":null}},"17":{"start":{"line":152,"column":18},"end":{"line":152,"column":null}},"18":{"start":{"line":153,"column":29},"end":{"line":153,"column":null}},"19":{"start":{"line":154,"column":30},"end":{"line":154,"column":null}},"20":{"start":{"line":156,"column":12},"end":{"line":276,"column":null}},"21":{"start":{"line":159,"column":31},"end":{"line":159,"column":null}},"22":{"start":{"line":174,"column":18},"end":{"line":174,"column":null}},"23":{"start":{"line":175,"column":18},"end":{"line":175,"column":null}},"24":{"start":{"line":178,"column":18},"end":{"line":178,"column":null}},"25":{"start":{"line":179,"column":18},"end":{"line":179,"column":null}}},"fnMap":{"0":{"name":"DocumentsList","decl":{"start":{"line":7,"column":16},"end":{"line":7,"column":30}},"loc":{"start":{"line":7,"column":84},"end":{"line":283,"column":null}},"line":7},"1":{"name":"(anonymous_1)","decl":{"start":{"line":14,"column":29},"end":{"line":14,"column":37}},"loc":{"start":{"line":14,"column":45},"end":{"line":22,"column":3}},"line":14},"2":{"name":"(anonymous_2)","decl":{"start":{"line":57,"column":12},"end":{"line":57,"column":23}},"loc":{"start":{"line":57,"column":29},"end":{"line":57,"column":null}},"line":57},"3":{"name":"(anonymous_3)","decl":{"start":{"line":71,"column":12},"end":{"line":71,"column":22}},"loc":{"start":{"line":71,"column":29},"end":{"line":71,"column":null}},"line":71},"4":{"name":"(anonymous_4)","decl":{"start":{"line":72,"column":12},"end":{"line":72,"column":21}},"loc":{"start":{"line":72,"column":29},"end":{"line":72,"column":null}},"line":72},"5":{"name":"(anonymous_5)","decl":{"start":{"line":79,"column":10},"end":{"line":79,"column":21}},"loc":{"start":{"line":79,"column":27},"end":{"line":79,"column":null}},"line":79},"6":{"name":"(anonymous_6)","decl":{"start":{"line":93,"column":42},"end":{"line":93,"column":47}},"loc":{"start":{"line":94,"column":12},"end":{"line":96,"column":null}},"line":94},"7":{"name":"(anonymous_7)","decl":{"start":{"line":151,"column":20},"end":{"line":151,"column":25}},"loc":{"start":{"line":151,"column":36},"end":{"line":278,"column":11}},"line":151},"8":{"name":"(anonymous_8)","decl":{"start":{"line":159,"column":16},"end":{"line":159,"column":31}},"loc":{"start":{"line":159,"column":31},"end":{"line":159,"column":null}},"line":159},"9":{"name":"(anonymous_9)","decl":{"start":{"line":173,"column":16},"end":{"line":173,"column":31}},"loc":{"start":{"line":173,"column":37},"end":{"line":176,"column":null}},"line":173},"10":{"name":"(anonymous_10)","decl":{"start":{"line":177,"column":16},"end":{"line":177,"column":31}},"loc":{"start":{"line":177,"column":37},"end":{"line":180,"column":null}},"line":177}},"branchMap":{"0":{"loc":{"start":{"line":11,"column":2},"end":{"line":11,"column":null}},"type":"if","locations":[{"start":{"line":11,"column":2},"end":{"line":11,"column":null}},{"start":{},"end":{}}],"line":11},"1":{"loc":{"start":{"line":12,"column":2},"end":{"line":12,"column":null}},"type":"if","locations":[{"start":{"line":12,"column":2},"end":{"line":12,"column":null}},{"start":{},"end":{}}],"line":12},"2":{"loc":{"start":{"line":17,"column":6},"end":{"line":19,"column":null}},"type":"binary-expr","locations":[{"start":{"line":17,"column":6},"end":{"line":17,"column":null}},{"start":{"line":18,"column":6},"end":{"line":18,"column":null}},{"start":{"line":19,"column":6},"end":{"line":19,"column":null}}],"line":17},"3":{"loc":{"start":{"line":20,"column":24},"end":{"line":20,"column":null}},"type":"binary-expr","locations":[{"start":{"line":20,"column":24},"end":{"line":20,"column":52}},{"start":{"line":20,"column":52},"end":{"line":20,"column":null}}],"line":20},"4":{"loc":{"start":{"line":21,"column":11},"end":{"line":21,"column":null}},"type":"binary-expr","locations":[{"start":{"line":21,"column":11},"end":{"line":21,"column":26}},{"start":{"line":21,"column":26},"end":{"line":21,"column":null}}],"line":21},"5":{"loc":{"start":{"line":106,"column":7},"end":{"line":281,"column":null}},"type":"cond-expr","locations":[{"start":{"line":107,"column":8},"end":{"line":144,"column":9}},{"start":{"line":144,"column":8},"end":{"line":281,"column":null}}],"line":106},"6":{"loc":{"start":{"line":137,"column":15},"end":{"line":139,"column":null}},"type":"cond-expr","locations":[{"start":{"line":138,"column":18},"end":{"line":138,"column":null}},{"start":{"line":139,"column":18},"end":{"line":139,"column":null}}],"line":137},"7":{"loc":{"start":{"line":137,"column":15},"end":{"line":137,"column":null}},"type":"binary-expr","locations":[{"start":{"line":137,"column":15},"end":{"line":137,"column":25}},{"start":{"line":137,"column":25},"end":{"line":137,"column":null}}],"line":137},"8":{"loc":{"start":{"line":153,"column":29},"end":{"line":153,"column":null}},"type":"binary-expr","locations":[{"start":{"line":153,"column":29},"end":{"line":153,"column":46}},{"start":{"line":153,"column":46},"end":{"line":153,"column":null}}],"line":153},"9":{"loc":{"start":{"line":154,"column":30},"end":{"line":154,"column":null}},"type":"binary-expr","locations":[{"start":{"line":154,"column":30},"end":{"line":154,"column":47}},{"start":{"line":154,"column":47},"end":{"line":154,"column":null}}],"line":154},"10":{"loc":{"start":{"line":162,"column":39},"end":{"line":162,"column":null}},"type":"cond-expr","locations":[{"start":{"line":162,"column":51},"end":{"line":162,"column":76}},{"start":{"line":162,"column":76},"end":{"line":162,"column":null}}],"line":162},"11":{"loc":{"start":{"line":162,"column":76},"end":{"line":162,"column":null}},"type":"cond-expr","locations":[{"start":{"line":162,"column":87},"end":{"line":162,"column":113}},{"start":{"line":162,"column":113},"end":{"line":162,"column":null}}],"line":162},"12":{"loc":{"start":{"line":184,"column":19},"end":{"line":200,"column":19}},"type":"binary-expr","locations":[{"start":{"line":184,"column":19},"end":{"line":184,"column":null}},{"start":{"line":185,"column":20},"end":{"line":200,"column":19}}],"line":184},"13":{"loc":{"start":{"line":218,"column":17},"end":{"line":232,"column":null}},"type":"binary-expr","locations":[{"start":{"line":218,"column":17},"end":{"line":218,"column":null}},{"start":{"line":219,"column":18},"end":{"line":232,"column":null}}],"line":218},"14":{"loc":{"start":{"line":248,"column":19},"end":{"line":271,"column":null}},"type":"binary-expr","locations":[{"start":{"line":248,"column":19},"end":{"line":248,"column":null}},{"start":{"line":249,"column":20},"end":{"line":271,"column":null}}],"line":248},"15":{"loc":{"start":{"line":256,"column":31},"end":{"line":260,"column":null}},"type":"cond-expr","locations":[{"start":{"line":257,"column":28},"end":{"line":257,"column":null}},{"start":{"line":258,"column":28},"end":{"line":260,"column":null}}],"line":256},"16":{"loc":{"start":{"line":258,"column":28},"end":{"line":260,"column":null}},"type":"cond-expr","locations":[{"start":{"line":259,"column":28},"end":{"line":259,"column":null}},{"start":{"line":260,"column":28},"end":{"line":260,"column":null}}],"line":258},"17":{"loc":{"start":{"line":264,"column":23},"end":{"line":268,"column":null}},"type":"cond-expr","locations":[{"start":{"line":265,"column":26},"end":{"line":265,"column":null}},{"start":{"line":266,"column":26},"end":{"line":268,"column":null}}],"line":264},"18":{"loc":{"start":{"line":266,"column":26},"end":{"line":268,"column":null}},"type":"cond-expr","locations":[{"start":{"line":267,"column":26},"end":{"line":267,"column":null}},{"start":{"line":268,"column":26},"end":{"line":268,"column":null}}],"line":266}},"s":{"0":60,"1":60,"2":60,"3":1,"4":59,"5":59,"6":57,"7":162,"8":162,"9":162,"10":162,"11":57,"12":38,"13":4,"14":0,"15":1,"16":285,"17":85,"18":85,"19":85,"20":85,"21":1,"22":0,"23":0,"24":0,"25":0},"f":{"0":60,"1":162,"2":38,"3":4,"4":0,"5":1,"6":285,"7":85,"8":1,"9":0,"10":0},"b":{"0":[1,59],"1":[2,57],"2":[162,114,92],"3":[162,3],"4":[162,87],"5":[16,41],"6":[13,3],"7":[16,3],"8":[85,85],"9":[85,85],"10":[21,64],"11":[24,40],"12":[85,85],"13":[85,40],"14":[85,85],"15":[21,64],"16":[24,40],"17":[21,64],"18":[0,64]},"meta":{"lastBranch":19,"lastFunction":11,"lastStatement":26,"seen":{"f:7:16:7:30":0,"s:8:17:8:Infinity":0,"s:9:23:9:Infinity":1,"b:11:2:11:Infinity:undefined:undefined:undefined:undefined":0,"s:11:2:11:Infinity":2,"s:11:15:11:Infinity":3,"b:12:2:12:Infinity:undefined:undefined:undefined:undefined":1,"s:12:2:12:Infinity":4,"s:12:15:12:Infinity":5,"s:14:19:22:Infinity":6,"f:14:29:14:37":1,"s:15:14:15:Infinity":7,"s:17:6:19:Infinity":8,"b:17:6:17:Infinity:18:6:18:Infinity:19:6:19:Infinity":2,"s:20:24:20:Infinity":9,"b:20:24:20:52:20:52:20:Infinity":3,"s:21:4:21:Infinity":10,"b:21:11:21:26:21:26:21:Infinity":4,"s:24:2:281:Infinity":11,"f:57:12:57:23":2,"s:57:29:57:Infinity":12,"f:71:12:71:22":3,"s:71:29:71:Infinity":13,"f:72:12:72:21":4,"s:72:29:72:Infinity":14,"f:79:10:79:21":5,"s:79:27:79:Infinity":15,"f:93:42:93:47":
[...]
"column":64}},{"start":{"line":60,"column":64},"end":{"line":60,"column":null}}],"line":60},"4":{"loc":{"start":{"line":61,"column":15},"end":{"line":61,"column":56}},"type":"cond-expr","locations":[{"start":{"line":61,"column":36},"end":{"line":61,"column":53}},{"start":{"line":61,"column":53},"end":{"line":61,"column":56}}],"line":61},"5":{"loc":{"start":{"line":91,"column":2},"end":{"line":91,"column":null}},"type":"if","locations":[{"start":{"line":91,"column":2},"end":{"line":91,"column":null}},{"start":{},"end":{}}],"line":91}},"s":{"0":5,"1":5,"2":5,"3":3,"4":3,"5":2,"6":2,"7":106,"8":106,"9":106,"10":43,"11":63,"12":63,"13":1,"14":108,"15":108,"16":108,"17":108,"18":108,"19":108,"20":108,"21":87,"22":1,"23":1,"24":87,"25":87,"26":87,"27":108,"28":8,"29":8,"30":8,"31":8,"32":4,"33":4,"34":4,"35":4,"36":5,"37":5,"38":5,"39":8,"40":108,"41":2,"42":2,"43":2,"44":108,"45":2,"46":2,"47":2,"48":108,"49":304,"50":304,"51":4,"52":299},"f":{"0":3,"1":2,"2":106,"3":108,"4":87,"5":1,"6":87,"7":8,"8":2,"9":2,"10":304},"b":{"0":[43,63],"1":[106,63],"2":[108,61],"3":[5,2,0],"4":[1,4],"5":[4,300]},"meta":{"lastBranch":6,"lastFunction":11,"lastStatement":53,"seen":{"s:4:6:4:Infinity":0,"s:6:18:6:Infinity":1,"s:7:18:7:Infinity":2,"f:9:9:9:21":0,"s:10:2:10:Infinity":3,"s:11:2:11:Infinity":4,"f:14:9:14:24":1,"s:15:2:15:Infinity":5,"s:16:2:16:Infinity":6,"f:19:9:19:23":2,"s:20:16:20:Infinity":7,"s:21:16:21:Infinity":8,"b:22:2:22:Infinity:undefined:undefined:undefined:undefined":0,"s:22:2:22:Infinity":9,"b:22:6:22:16:22:16:22:22":1,"s:22:22:22:Infinity":10,"s:23:2:27:Infinity":11,"s:24:4:24:Infinity":12,"s:26:4:26:Infinity":13,"f:30:16:30:29":3,"s:31:18:31:Infinity":14,"s:33:18:33:Infinity":15,"s:34:18:34:Infinity":16,"s:35:18:35:Infinity":17,"s:36:18:36:Infinity":18,"s:38:26:38:Infinity":19,"b:38:26:38:37:38:37:38:Infinity":2,"s:41:2:48:Infinity":20,"f:41:2:41:18":4,"s:42:10:45:Infinity":21,"f:42:10:42:36":5,"s:43:6:43:Infinity":22,"s:44:6:44:Infinity":23,"s:46:4:46:Infinity":24,"s:47:4:47:Infinity":25,"f:47:4:47:17":6,"s:47:17:47:Infinity":26,"s:50:8:66:Infinity":27,"f:50:28:50:35":7,"s:51:4:51:Infinity":28,"s:52:4:52:Infinity":29,"s:53:4:65:Infinity":30,"s:54:19:54:Infinity":31,"s:55:6:55:Infinity":32,"s:56:6:56:Infinity":33,"s:57:6:57:Infinity":34,"s:58:6:58:Infinity":35,"s:60:18:60:Infinity":36,"b:60:18:60:49:60:49:60:64:60:64:60:Infinity":3,"s:61:6:61:Infinity":37,"b:61:36:61:53:61:53:61:56":4,"s:62:6:62:Infinity":38,"s:64:6:64:Infinity":39,"s:68:8:72:Infinity":40,"f:68:17:68:35":8,"s:69:4:69:Infinity":41,"s:70:4:70:Infinity":42,"s:71:4:71:Infinity":43,"s:74:8:78:Infinity":44,"f:74:21:74:34":9,"s:75:19:75:Infinity":45,"s:76:4:76:Infinity":46,"s:77:4:77:Infinity":47,"s:80:2:85:Infinity":48,"f:89:16:89:26":10,"s:90:8:90:Infinity":49,"b:91:2:91:Infinity:undefined:undefined:undefined:undefined":5,"s:91:2:91:Infinity":50,"s:91:12:91:Infinity":51,"s:92:2:92:Infinity":52}}}
,"C:\\Users\\carlo\\OneDrive\\Documents\\Proyectos\\GesGov\\frontend\\src\\hooks\\useDocuments.js": {"path":"C:\\Users\\carlo\\OneDrive\\Documents\\Proyectos\\GesGov\\frontend\\src\\hooks\\useDocuments.js","statementMap":{"0":{"start":{"line":9,"column":35},"end":{"line":9,"column":48}},"1":{"start":{"line":10,"column":27},"end":{"line":10,"column":40}},"2":{"start":{"line":11,"column":31},"end":{"line":11,"column":47}},"3":{"start":{"line":12,"column":27},"end":{"line":12,"column":42}},"4":{"start":{"line":17,"column":18},"end":{"line":35,"column":8}},"5":{"start":{"line":18,"column":4},"end":{"line":18,"column":21}},"6":{"start":{"line":19,"column":4},"end":{"line":19,"column":19}},"7":{"start":{"line":20,"column":4},"end":{"line":34,"column":5}},"8":{"start":{"line":21,"column":36},"end":{"line":24,"column":8}},"9":{"start":{"line":25,"column":6},"end":{"line":25,"column":29}},"10":{"start":{"line":26,"column":6},"end":{"line":26,"column":26}},"11":{"start":{"line":29,"column":6},"end":{"line":31,"column":7}},"12":{"start":{"line":30,"column":8},"end":{"line":30,"column":62}},"13":{"start":{"line":33,"column":6},"end":{"line":33,"column":24}},"14":{"start":{"line":40,"column":24},"end":{"line":50,"column":16}},"15":{"start":{"line":41,"column":4},"end":{"line":49,"column":5}},"16":{"start":{"line":42,"column":21},"end":{"line":42,"column":55}},"17":{"start":{"line":43,"column":6},"end":{"line":43,"column":48}},"18":{"start":{"line":43,"column":29},"end":{"line":43,"column":46}},"19":{"start":{"line":44,"column":6},"end":{"line":44,"column":23}},"20":{"start":{"line":45,"column":6},"end":{"line":45,"column":20}},"21":{"start":{"line":47,"column":6},"end":{"line":47,"column":53}},"22":{"start":{"line":48,"column":6},"end":{"line":48,"column":16}},"23":{"start":{"line":55,"column":24},"end":{"line":66,"column":8}},"24":{"start":{"line":56,"column":4},"end":{"line":65,"column":5}},"25":{"start":{"line":57,"column":22},"end":{"line":57,"column":60}},"26":{"start":{"line":58,"column":6},"end":{"line":60,"column":8}},"27":{"start":{"line":59,"column":8},"end":{"line":59,"column":59}},"28":{"start":{"line":59,"column":27},"end":{"line":59,"column":57}},"29":{"start":{"line":61,"column":6},"end":{"line":61,"column":21}},"30":{"start":{"line":63,"column":6},"end":{"line":63,"column":53}},"31":{"start":{"line":64,"column":6},"end":{"line":64,"column":16}},"32":{"start":{"line":71,"column":25},"end":{"line":83,"column":16}},"33":{"start":{"line":72,"column":4},"end":{"line":82,"column":5}},"34":{"start":{"line":73,"column":22},"end":{"line":73,"column":60}},"35":{"start":{"line":74,"column":6},"end":{"line":76,"column":8}},"36":{"start":{"line":75,"column":8},"end":{"line":75,"column":59}},"37":{"start":{"line":75,"column":27},"end":{"line":75,"column":57}},"38":{"start":{"line":77,"column":6},"end":{"line":77,"column":23}},"39":{"start":{"line":78,"column":6},"end":{"line":78,"column":21}},"40":{"start":{"line":80,"column":6},"end":{"line":80,"column":56}},"41":{"start":{"line":81,"column":6},"end":{"line":81,"column":16}},"42":{"start":{"line":88,"column":24},"end":{"line":97,"column":16}},"43":{"start":{"line":89,"column":4},"end":{"line":96,"column":5}},"44":{"start":{"line":90,"column":6},"end":{"line":90,"column":36}},"45":{"start":{"line":91,"column":6},"end":{"line":91,"column":67}},"46":{"start":{"line":91,"column":29},"end":{"line":91,"column":65}},"47":{"start":{"line":91,"column":50},"end":{"line":91,"column":64}},"48":{"start":{"line":92,"column":6},"end":{"line":92,"column":23}},"49":{"start":{"line":94,"column":6},"end":{"line":94,"column":53}},"50":{"start":{"line":95,"column":6},"end":{"line":95,"column":16}},"51":{"start":{"line":100,"column":1},"end":{"line":102,"column":17}},"52":{"start":{"line":101,"column":4},"end":{"line":101,"column":15}},"53":{"start":{"line":104,"column":2},"end":{"line":114,"column":4}}},"fnMap":{"0":{"name":"useDocuments","decl":{"start":{"line":8,"column":16},"end":{"line":8,"column":28}},"loc":{"start":{"line":8,"column":31},"end":{"line":115,"column":1}},"line":8},"1":{"name":"(anonymous_1)","decl":{"start":{"line":17,"column":31},"end":{"line":17,"column":36}},"loc":{"start":{"line":17,"column":43},"end":{"line":35,"column":3}},"line":17},"2":{"name":"(anonymous_2)","decl":{"start":{"line":40,"column":37},"end":{"line":40,"column":42}},"loc":{"start":{"line":40,"column":56},"end":{"line":50,"column":3}},"line":40},"3":{"name":"(anonymous_3)","decl":{"start":{"line":43,"column":19},"end":{"line":43,"column":20}},"loc":{"start":{"line":43,"column":29},"end":{"line":43,"column":46}},"line":43},"4":{"name":"(anonymous_4)","decl":{"start":{"line":55,"column":37},"end":{"line":55,"column":42}},"loc":{"start":{"line":55,"column":60},"end":{"line":66,"column":3}},"line":55},"5":{"name":"(anonymous_5)","decl":{"start":{"line":58,"column":19},"end":{"line":58,"column":20}},"loc":{"start":{"line":59,"column":8},"end":{"line":59,"column":59}},"line":59},"6":{"name":"(anonymous_6)","decl":{"start":{"line":59,"column":17},"end":{"line":59,"column":18}},"loc":{"start":{"line":59,"column":27},"end":{"line":59,"column":57}},"line":59},"7":{"name":"(anonymous_7)","decl":{"start":{"line":71,"column":38},"end":{"line":71,"column":43}},"loc":{"start":{"line":71,"column":52},"end":{"line":83,"column":3}},"line":71},"8":{"name":"(anonymous_8)","decl":{"start":{"line":74,"column":19},"end":{"line":74,"column":20}},"loc":{"start":{"line":75,"column":8},"end":{"line":75,"column":59}},"line":75},"9":{"name":"(anonymous_9)","decl":{"start":{"line":75,"column":17},"end":{"line":75,"column":18}},"loc":{"start":{"line":75,"column":27},"end":{"line":75,"column":57}},"line":75},"10":{"name":"(anonymous_10)","decl":{"start":{"line":88,"column":37},"end":{"line":88,"column":42}},"loc":{"start":{"line":88,"column":51},"end":{"line":97,"column":3}},"line":88},"11":{"name":"(anonymous_11)","decl":{"start":{"line":91,"column":19},"end":{"line":91,"column":20}},"loc":{"start":{"line":91,"column":29},"end":{"line":91,"column":65}},"line":91},"12":{"name":"(anonymous_12)","decl":{"start":{"line":91,"column":41},"end":{"line":91,"column":42}},"loc":{"start":{"line":91,"column":50},"end":{"line":91,"column":64}},"line":91},"13":{"name":"(anonymous_13)","decl":{"start":{"line":100,"column":12},"end":{"line":100,"column":13}},"loc":{"start":{"line":100,"column":18},"end":{"line":102,"column":3}},"line":100}},"branchMap":{"0":{"loc":{"start":{"line":29,"column":6},"end":{"line":31,"column":7}},"type":"if","locations":[{"start":{"line":29,"column":6},"end":{"line":31,"column":7}},{"start":{},"end":{}}],"line":29},"1":{"loc":{"start":{"line":30,"column":17},"end":{"line":30,"column":60}},"type":"binary-expr","locations":[{"start":{"line":30,"column":17},"end":{"line":30,"column":28}},{"start":{"line":30,"column":32},"end":{"line":30,"column":60}}],"line":30},"2":{"loc":{"start":{"line":59,"column":27},"end":{"line":59,"column":57}},"type":"cond-expr","locations":[{"start":{"line":59,"column":44},"end":{"line":59,"column":51}},{"start":{"line":59,"column":54},"end":{"line":59,"column":57}}],"line":59},"3":{"loc":{"start":{"line":75,"column":27},"end":{"line":75,"column":57}},"type":"cond-expr","locations":[{"start":{"line":75,"column":44},"end":{"line":75,"column":51}},{"start":{"line":75,"column":54},"end":{"line":75,"column":57}}],"line":75}},"s":{"0":74,"1":74,"2":74,"3":74,"4":74,"5":25,"6":25,"7":25,"8":25,"9":22,"10":22,"11":3,"12":2,"13":25,"14":74,"15":2,"16":2,"17":1,"18":1,"19":1,"20":1,"21":1,"22":1,"23":74,"24":2,"25":2,"26":1,"27":1,"28":2,"29":1,"30":1,"31":1,"32":74,"33":2,"34":2,"35":1,"36":1,"37":1,"38":1,"39":1,"40":1,"41":1,"42":74,"43":2,"44":2,"45":1,"46":1,"47":2,"48":1,"49":1,"50":1,"51":74,"52":22,"53":74},"f":{"0":74,"1":25,"2":2,"3":1,"4":2,"5":1,"6":2,"7":2,"8":1,"9":1,"10":2,"11":1,"12":2,"13":22},"b":{"0":[2,1],"1":[2,1],"2":[1,1],"3":[1,0]},"meta":{"lastBranch":4,"lastFunction":14,"lastStatement":54,"seen":{"f:8:16:8:28":0,"s:9:35:9:48":0,"s:10:27:10:40":1,"s:11:31:11:47":2,"s:12:27:12:42":3,"s:17:18:35:8":4,"f:17:31:17:36":1,"s:18:4:18:21":5,"s:19:4:19:19":6,"s:20:4:34:5":7,"s:21:36:24:8":8,"s:25:6:25:29":9,"s:26:6:26:26":10,"b:29:6:31:7:undefined:undefined:undefined:undefined":0,"s:29:6:31:7":11,"s:30:8:30:62":12,"b:30:17:30:28:30:32:30:60":1,"s:33:6:33:24":13,"s:40:24:50:16":14,"f:40:37:40:42":2,"s:41:4:49:5":15,"s:42:21:42:55":16,"s:43:6:43:48":17,"f:43:19:43:20":3,"s:43:29:43:46":18,"s:44:6:44:23":19,"s:45:6:45:20":20,"s:47:6:47:53":21,"s:48:6:48:16":22,"s:55:24:66:8":23,"f:55:37:55:42":4,"s:56:4:65:5":24,"s:57:22:57:60":25,"s:58:6:60:8":26,"f:58:19:58:20":5,"s:59:8:59:59":27,"f:59:17:59:18":6,"s:59:27:59:57":28,"b:59:44:59:51:59:54:59:57":2,"s:61:6:61:21":29,"s:63:6:63:53":30,"s:64:6:64:16":31,"s:71:25:83:16":32,"f:71:38:71:43":7,"s:72:4:82:5":33,"s:73:22:73:60":34,"s:74:6:76:8":35,"f:74:19:74:20":8,"s:75:8:75:59":36,"f:75:17:75:18":9,"s:75:27:75:57":37,"b:75:44:75:51:75:54:75:57":3,"s:77:6:77:23":38,"s:78:6:78:21":39,"s:80:6:80:56":40,"s:81:6:81:16":41,"s:88:24:97:16":42,"f:88:37:88:42":10,"s:89:4:96:5":43,"s:90:6:90:36":44,"s:91:6:91:67":45,"f:91:19:91:20":11,"s:91:29:91:65":46,"f:91:41:91:42":12,"s:91:50:91:64":47,"s:92:6:92:23":48,"s:94:6:94:53":49,"s:95:6:95:16":50,"s:100:1:102:17":51,"f:100:12:100:13":13,"s:101:4:101:15":52,"s:104:2:114:4":53}}}
,"C:\\Users\\carlo\\OneDrive\\Documents\\Proyectos\\GesGov\\frontend\\src\\styles\\globalStyles.js": {"path":"C:\\Users\\carlo\\OneDrive\\Documents\\Proyectos\\GesGov\\frontend\\src\\styles\\globalStyles.js","statementMap":{"0":{"start":{"line":1,"column":26},"end":{"line":121,"column":1}},"1":{"start":{"line":124,"column":16},"end":{"line":124,"column":47}},"2":{"start":{"line":125,"column":2},"end":{"line":125,"column":29}},"3":{"start":{"line":126,"column":2},"end":{"line":126,"column":33}},"4":{"start":{"line":127,"column":2},"end":{"line":127,"column":35}},"5":{"start":{"line":128,"column":2},"end":{"line":131,"column":4}},"6":{"start":{"line":129,"column":15},"end":{"line":129,"column":55}},"7":{"start":{"line":130,"column":4},"end":{"line":130,"column":42}},"8":{"start":{"line":130,"column":12},"end":{"line":130,"column":42}}},"fnMap":{"0":{"name":"injectGlobalStyles","decl":{"start":{"line":123,"column":16},"end":{"line":123,"column":34}},"loc":{"start":{"line":123,"column":37},"end":{"line":132,"column":1}},"line":123},"1":{"name":"(anonymous_1)","decl":{"start":{"line":128,"column":9},"end":{"line":128,"column":10}},"loc":{"start":{"line":128,"column":15},"end":{"line":131,"column":3}},"line":128}},"branchMap":{"0":{"loc":{"start":{"line":130,"column":4},"end":{"line":130,"column":42}},"type":"if","locations":[{"start":{"line":130,"column":4},"end":{"line":130,"column":42}},{"start":{},"end":{}}],"line":130}},"s":{"0":1,"1":5,"2":5,"3":5,"4":5,"5":5,"6":5,"7":5,"8":4},"f":{"0":5,"1":5},"b":{"0":[4,1]},"meta":{"lastBranch":1,"lastFunction":2,"lastStatement":9,"seen":{"s:1:26:121:1":0,"f:123:16:123:34":0,"s:124:16:124:47":1,"s:125:2:125:29":2,"s:126:2:126:33":3,"s:127:2:127:35":4,"s:128:2:131:4":5,"f:128:9:128:10":1,"s:129:15:129:55":6,"b:130:4:130:42:undefined:undefined:undefined:undefined":0,"s:130:4:130:42":7,"s:130:12:130:42":8}}}
,"C:\\Users\\carlo\\OneDrive\\Documents\\Proyectos\\GesGov\\frontend\\src\\utils\\dateUtils.js": {"path":"C:\\Users\\carlo\\OneDrive\\Documents\\Proyectos\\GesGov\\frontend\\src\\utils\\dateUtils.js","statementMap":{"0":{"start":{"line":5,"column":2},"end":{"line":5,"column":29}},"1":{"start":{"line":5,"column":17},"end":{"line":5,"column":29}},"2":{"start":{"line":7,"column":23},"end":{"line":7,"column":41}},"3":{"start":{"line":8,"column":16},"end":{"line":8,"column":26}},"4":{"start":{"line":9,"column":19},"end":{"line":9,"column":39}},"5":{"start":{"line":10,"column":19},"end":{"line":10,"column":62}},"6":{"start":{"line":12,"column":2},"end":{"line":12,"column":18}},"7":{"start":{"line":19,"column":2},"end":{"line":19,"column":30}},"8":{"start":{"line":19,"column":19},"end":{"line":19,"column":30}},"9":{"start":{"line":21,"column":15},"end":{"line":21,"column":35}},"10":{"start":{"line":23,"column":2},"end":{"line":27,"column":5}},"11":{"start":{"line":34,"column":2},"end":{"line":34,"column":28}},"12":{"start":{"line":34,"column":14},"end":{"line":34,"column":28}},"13":{"start":{"line":36,"column":2},"end":{"line":38,"column":3}},"14":{"start":{"line":37,"column":4},"end":{"line":37,"column":54}},"15":{"start":{"line":40,"column":2},"end":{"line":40,"column":43}},"16":{"start":{"line":47,"column":2},"end":{"line":47,"column":47}},"17":{"start":{"line":47,"column":21},"end":{"line":47,"column":47}},"18":{"start":{"line":48,"column":2},"end":{"line":48,"column":63}},"19":{"start":{"line":48,"column":16},"end":{"line":48,"column":63}},"20":{"start":{"line":49,"column":2},"end":{"line":49,"column":37}},"21":{"start":{"line":49,"column":18},"end":{"line":49,"column":37}},"22":{"start":{"line":50,"column":2},"end":{"line":50,"column":40}},"23":{"start":{"line":50,"column":18},"end":{"line":50,"column":40}},"24":{"start":{"line":51,"column":2},"end":{"line":51,"column":34}},"25":{"start":{"line":58,"column":2},"end":{"line":58,"column":48}}},"fnMap":{"0":{"name":"getDaysRemaining","decl":{"start":{"line":4,"column":16},"end":{"line":4,"column":32}},"loc":{"start":{"line":4,"column":43},"end":{"line":13,"column":1}},"line":4},"1":{"name":"formatDate","decl":{"start":{"line":18,"column":16},"end":{"line":18,"column":26}},"loc":{"start":{"line":18,"column":39},"end":{"line":28,"column":1}},"line":18},"2":{"name":"formatFileSize","decl":{"start":{"line":33,"column":16},"end":{"line":33,"column":30}},"loc":{"start":{"line":33,"column":38},"end":{"line":41,"column":1}},"line":33},"3":{"name":"getDaysLabel","decl":{"start":{"line":46,"column":16},"end":{"line":46,"column":28}},"loc":{"start":{"line":46,"column":35},"end":{"line":52,"column":1}},"line":46},"4":{"name":"getTodayISO","decl":{"start":{"line":57,"column":16},"end":{"line":57,"column":27}},"loc":{"start":{"line":57,"column":30},"end":{"line":59,"column":1}},"line":57}},"branchMap":{"0":{"loc":{"start":{"line":5,"column":2},"end":{"line":5,"column":29}},"type":"if","locations":[{"start":{"line":5,"column":2},"end":{"line":5,"column":29}},{"start":{},"end":{}}],"line":5},"1":{"loc":{"start":{"line":19,"column":2},"end":{"line":19,"column":30}},"type":"if","locations":[{"start":{"line":19,"column":2},"end":{"line":19,"column":30}},{"start":{},"end":{}}],"line":19},"2":{"loc":{"start":{"line":34,"column":2},"end":{"line":34,"column":28}},"type":"if","locations":[{"start":{"line":34,"column":2},"end":{"line":34,"column":28}},{"start":{},"end":{}}],"line":34},"3":{"loc":{"start":{"line":36,"column":2},"end":{"line":38,"column":3}},"type":"if","locations":[{"start":{"line":36,"column":2},"end":{"line":38,"column":3}},{"start":{},"end":{}}],"line":36},"4":{"loc":{"start":{"line":47,"column":2},"end":{"line":47,"column":47}},"type":"if","locations":[{"start":{"line":47,"column":2},"end":{"line":47,"column":47}},{"start":{},"end":{}}],"line":47},"5":{"loc":{"start":{"line":48,"column":2},"end":{"line":48,"column":63}},"type":"if","locations":[{"start":{"line":48,"column":2},"end":{"line":48,"column":63}},{"start":{},"end":{}}],"line":48},"6":{"loc":{"start":{"line":49,"column":2},"end":{"line":49,"column":37}},"type":"if","locations":[{"start":{"line":49,"column":2},"end":{"line":49,"column":37}},{"start":{},"end":{}}],"line":49},"7":{"loc":{"start":{"line":50,"column":2},"end":{"line":50,"column":40}},"type":"if","locations":[{"start":{"line":50,"column":2},"end":{"line":50,"column":40}},{"start":{},"end":{}}],"line":50}},"s":{"0":120,"1":3,"2":117,"3":117,"4":117,"5":117,"6":117,"7":150,"8":3,"9":147,"10":147,"11":53,"12":3,"13":50,"14":3,"15":47,"16":9,"17":1,"18":8,"19":8,"20":5,"21":1,"22":4,"23":4,"24":3,"25":108},"f":{"0":120,"1":150,"2":53,"3":9,"4":108},"b":{"0":[3,117],"1":[3,147],"2":[3,50],"3":[3,47],"4":[1,8],"5":[3,5],"6":[1,4],"7":[1,3]},"meta":{"lastBranch":8,"lastFunction":5,"lastStatement":26,"seen":{"f:4:16:4:32":0,"b:5:2:5:29:undefined:undefined:undefined:undefined":0,"s:5:2:5:29":0,"s:5:17:5:29":1,"s:7:23:7:41":2,"s:8:16:8:26":3,"s:9:19:9:39":4,"s:10:19:10:62":5,"s:12:2:12:18":6,"f:18:16:18:26":1,"b:19:2:19:30:undefined:undefined:undefined:undefined":1,"s:19:2:19:30":7,"s:19:19:19:30":8,"s:21:15:21:35":9,"s:23:2:27:5":10,"f:33:16:33:30":2,"b:34:2:34:28:undefined:undefined:undefined:undefined":2,"s:34:2:34:28":11,"s:34:14:34:28":12,"b:36:2:38:3:undefined:undefined:undefined:undefined":3,"s:36:2:38:3":13,"s:37:4:37:54":14,"s:40:2:40:43":15,"f:46:16:46:28":3,"b:47:2:47:47:undefined:undefined:undefined:undefined":4,"s:47:2:47:47":16,"s:47:21:47:47":17,"b:48:2:48:63:undefined:undefined:undefined:undefined":5,"s:48:2:48:63":18,"s:48:16:48:63":19,"b:49:2:49:37:undefined:undefined:undefined:undefined":6,"s:49:2:49:37":20,"s:49:18:49:37":21,"b:50:2:50:40:undefined:undefined:undefined:undefined":7,"s:50:2:50:40":22,"s:50:18:50:40":23,"s:51:2:51:34":24,"f:57:16:57:27":4,"s:58:2:58:48":25}}}
}
